Build started 9/6/2015 9:26:33 PM.
     1>Project "C:\Users\Rishabh\Documents\Visual Studio 2012\Projects\be_project\be_project\be_project.vcxproj" on node 2 (Build target(s)).
     1>ClCompile:
         C:\Program Files (x86)\Microsoft Visual Studio 11.0\VC\bin\x86_amd64\CL.exe /c /I"C:\Program Files (x86)\Intel\PCSDK\sample\common\include" /I"C:\Program Files (x86)\Intel\PCSDK\include" /I"C:\libjpeg-turbo64\include" /IC:\opencv\build\include /I"C:\Program Files\PCL 1.6.0\include" /I"C:\Program Files\OpenNI\Include\Win32" /Zi /nologo /W3 /WX- /O2 /Oi /GL /D WIN32 /D NDEBUG /D _CONSOLE /D _UNICODE /D UNICODE /Gm- /EHsc /MT /GS /Gy /fp:precise /Zc:wchar_t /Zc:forScope /openmp /Fo"x64\Release\\" /Fd"x64\Release\vc110.pdb" /Gd /TP /errorReport:prompt senz3d_desktop.cpp
         senz3d_desktop.cpp
     1>senz3d_desktop.cpp(107): warning C4244: '-=' : conversion from 'float' to 'int', possible loss of data
     1>senz3d_desktop.cpp(108): warning C4244: '+=' : conversion from 'float' to 'int', possible loss of data
     1>senz3d_desktop.cpp(290): warning C4244: '=' : conversion from '__int64' to 'int', possible loss of data
     1>senz3d_desktop.cpp(296): warning C4244: '=' : conversion from '__int64' to 'int', possible loss of data
     1>senz3d_desktop.cpp(324): warning C4244: '=' : conversion from 'double' to 'float', possible loss of data
     1>senz3d_desktop.cpp(325): warning C4244: '=' : conversion from 'double' to 'float', possible loss of data
     1>senz3d_desktop.cpp(328): warning C4244: '=' : conversion from 'double' to 'float', possible loss of data
     1>senz3d_desktop.cpp(329): warning C4244: '=' : conversion from 'double' to 'float', possible loss of data
     1>senz3d_desktop.cpp(351): warning C4244: 'argument' : conversion from 'double' to 'float', possible loss of data
     1>senz3d_desktop.cpp(359): warning C4244: 'argument' : conversion from 'double' to 'float', possible loss of data
     1>senz3d_desktop.cpp(380): warning C4244: '=' : conversion from 'double' to 'float', possible loss of data
     1>senz3d_desktop.cpp(381): warning C4244: '=' : conversion from 'double' to 'float', possible loss of data
     1>senz3d_desktop.cpp(430): warning C4996: '_itoa': This function or variable may be unsafe. Consider using _itoa_s instead. To disable deprecation, use _CRT_SECURE_NO_WARNINGS. See online help for details.
                 C:\Program Files (x86)\Microsoft Visual Studio 11.0\VC\include\stdlib.h(468) : see declaration of '_itoa'
     1>senz3d_desktop.cpp(439): warning C4244: 'argument' : conversion from 'float' to 'int', possible loss of data
       Link:
         C:\Program Files (x86)\Microsoft Visual Studio 11.0\VC\bin\x86_amd64\link.exe /ERRORREPORT:PROMPT /OUT:"C:\Users\Rishabh\Documents\Visual Studio 2012\Projects\be_project\x64\Release\be_project.exe" /INCREMENTAL:NO /NOLOGO /LIBPATH:"C:\Program Files (x86)\Intel\PCSDK\lib\x64" /LIBPATH:"C:\Program Files (x86)\Intel\PCSDK\sample\common\lib\x64\v110" /LIBPATH:"C:\libjpeg-turbo64\lib" /LIBPATH:C:\opencv\build\x64\vc11\lib /LIBPATH:"C:\Program Files\PCL 1.6.0\lib" /LIBPATH:"C:\Program Files\OpenNI\Lib64" libpxcutils.lib libpxc.lib turbojpeg.lib jpeg.lib opencv_calib3d248.lib opencv_contrib248.lib opencv_core248.lib opencv_features2d248.lib opencv_flann248.lib opencv_gpu248.lib opencv_highgui248.lib opencv_imgproc248.lib opencv_legacy248.lib opencv_ml248.lib opencv_nonfree248.lib opencv_objdetect248.lib opencv_ocl248.lib opencv_photo248.lib opencv_stitching248.lib opencv_superres248.lib opencv_ts248.lib opencv_video248.lib opencv_videostab248.lib pcl_apps_release.lib pcl_common_release.lib pcl_features_release.lib pcl_filters_release.lib pcl_io_ply_release.lib pcl_io_release.lib pcl_kdtree_release.lib pcl_keypoints_release.lib pcl_octree_release.lib pcl_registration_release.lib pcl_sample_consensus_release.lib pcl_search_release.lib pcl_segmentation_release.lib pcl_surface_release.lib pcl_tracking_release.lib pcl_visualization_release.lib openNI64.lib kernel32.lib user32.lib gdi32.lib winspool.lib comdlg32.lib advapi32.lib shell32.lib ole32.lib oleaut32.lib uuid.lib odbc32.lib odbccp32.lib /MANIFEST /MANIFESTUAC:"level='asInvoker' uiAccess='false'" /manifest:embed /DEBUG /PDB:"C:\Users\Rishabh\Documents\Visual Studio 2012\Projects\be_project\x64\Release\be_project.pdb" /SUBSYSTEM:CONSOLE /OPT:REF /OPT:ICF /LTCG /TLBID:1 /DYNAMICBASE /NXCOMPAT /IMPLIB:"C:\Users\Rishabh\Documents\Visual Studio 2012\Projects\be_project\x64\Release\be_project.lib" /MACHINE:X64 x64\Release\senz3d_desktop.obj
         Generating code
         Finished generating code
         be_project.vcxproj -> C:\Users\Rishabh\Documents\Visual Studio 2012\Projects\be_project\x64\Release\be_project.exe
     1>Done Building Project "C:\Users\Rishabh\Documents\Visual Studio 2012\Projects\be_project\be_project\be_project.vcxproj" (Build target(s)).

Build succeeded.

Time Elapsed 00:00:05.23
