C:\USERS\RISHABH\DOCUMENTS\VISUAL STUDIO 2012\PROJECTS\BE_PROJECT\BE_PROJECT\X64\DEBUG\SOURCE_MOG2.OBJ
C:\USERS\RISHABH\DOCUMENTS\VISUAL STUDIO 2012\PROJECTS\BE_PROJECT\BE_PROJECT\X64\DEBUG\VC110.PDB
C:\USERS\RISHABH\DOCUMENTS\VISUAL STUDIO 2012\PROJECTS\BE_PROJECT\BE_PROJECT\X64\DEBUG\SOURCE_STATIC.OBJ
C:\USERS\RISHABH\DOCUMENTS\VISUAL STUDIO 2012\PROJECTS\BE_PROJECT\BE_PROJECT\X64\DEBUG\SOURCE_STREAM.OBJ
C:\Users\Rishabh\Documents\Visual Studio 2012\Projects\be_project\be_project\x64\Debug\Source_mog2.obj
C:\Users\Rishabh\Documents\Visual Studio 2012\Projects\be_project\be_project\x64\Debug\Source_static.obj
C:\Users\Rishabh\Documents\Visual Studio 2012\Projects\be_project\be_project\x64\Debug\Source_stream.obj
C:\Users\Rishabh\Documents\Visual Studio 2012\Projects\be_project\be_project\x64\Debug\cl.command.1.tlog
C:\Users\Rishabh\Documents\Visual Studio 2012\Projects\be_project\be_project\x64\Debug\CL.read.1.tlog
C:\Users\Rishabh\Documents\Visual Studio 2012\Projects\be_project\be_project\x64\Debug\CL.write.1.tlog
C:\Users\Rishabh\Documents\Visual Studio 2012\Projects\be_project\be_project\x64\Debug\link-cvtres.read.1.tlog
C:\Users\Rishabh\Documents\Visual Studio 2012\Projects\be_project\be_project\x64\Debug\link-cvtres.write.1.tlog
C:\Users\Rishabh\Documents\Visual Studio 2012\Projects\be_project\be_project\x64\Debug\link-rc.read.1.tlog
C:\Users\Rishabh\Documents\Visual Studio 2012\Projects\be_project\be_project\x64\Debug\link-rc.write.1.tlog
C:\Users\Rishabh\Documents\Visual Studio 2012\Projects\be_project\be_project\x64\Debug\link.10152-cvtres.read.1.tlog
C:\Users\Rishabh\Documents\Visual Studio 2012\Projects\be_project\be_project\x64\Debug\link.10152-cvtres.write.1.tlog
C:\Users\Rishabh\Documents\Visual Studio 2012\Projects\be_project\be_project\x64\Debug\link.10152-rc.read.1.tlog
C:\Users\Rishabh\Documents\Visual Studio 2012\Projects\be_project\be_project\x64\Debug\link.10152-rc.write.1.tlog
C:\Users\Rishabh\Documents\Visual Studio 2012\Projects\be_project\be_project\x64\Debug\link.10152.read.1.tlog
C:\Users\Rishabh\Documents\Visual Studio 2012\Projects\be_project\be_project\x64\Debug\link.10152.write.1.tlog
C:\Users\Rishabh\Documents\Visual Studio 2012\Projects\be_project\be_project\x64\Debug\link.10220-cvtres.read.1.tlog
C:\Users\Rishabh\Documents\Visual Studio 2012\Projects\be_project\be_project\x64\Debug\link.10220-cvtres.write.1.tlog
C:\Users\Rishabh\Documents\Visual Studio 2012\Projects\be_project\be_project\x64\Debug\link.10220-rc.read.1.tlog
C:\Users\Rishabh\Documents\Visual Studio 2012\Projects\be_project\be_project\x64\Debug\link.10220-rc.write.1.tlog
C:\Users\Rishabh\Documents\Visual Studio 2012\Projects\be_project\be_project\x64\Debug\link.10220.read.1.tlog
C:\Users\Rishabh\Documents\Visual Studio 2012\Projects\be_project\be_project\x64\Debug\link.10220.write.1.tlog
C:\Users\Rishabh\Documents\Visual Studio 2012\Projects\be_project\be_project\x64\Debug\link.1060-cvtres.read.1.tlog
C:\Users\Rishabh\Documents\Visual Studio 2012\Projects\be_project\be_project\x64\Debug\link.1060-cvtres.write.1.tlog
C:\Users\Rishabh\Documents\Visual Studio 2012\Projects\be_project\be_project\x64\Debug\link.1060-rc.read.1.tlog
C:\Users\Rishabh\Documents\Visual Studio 2012\Projects\be_project\be_project\x64\Debug\link.1060-rc.write.1.tlog
C:\Users\Rishabh\Documents\Visual Studio 2012\Projects\be_project\be_project\x64\Debug\link.1060.read.1.tlog
C:\Users\Rishabh\Documents\Visual Studio 2012\Projects\be_project\be_project\x64\Debug\link.1060.write.1.tlog
C:\Users\Rishabh\Documents\Visual Studio 2012\Projects\be_project\be_project\x64\Debug\link.10624-cvtres.read.1.tlog
C:\Users\Rishabh\Documents\Visual Studio 2012\Projects\be_project\be_project\x64\Debug\link.10624-cvtres.write.1.tlog
C:\Users\Rishabh\Documents\Visual Studio 2012\Projects\be_project\be_project\x64\Debug\link.10624-rc.read.1.tlog
C:\Users\Rishabh\Documents\Visual Studio 2012\Projects\be_project\be_project\x64\Debug\link.10624-rc.write.1.tlog
C:\Users\Rishabh\Documents\Visual Studio 2012\Projects\be_project\be_project\x64\Debug\link.10624.read.1.tlog
C:\Users\Rishabh\Documents\Visual Studio 2012\Projects\be_project\be_project\x64\Debug\link.10624.write.1.tlog
C:\Users\Rishabh\Documents\Visual Studio 2012\Projects\be_project\be_project\x64\Debug\link.10720-cvtres.read.1.tlog
C:\Users\Rishabh\Documents\Visual Studio 2012\Projects\be_project\be_project\x64\Debug\link.10720-cvtres.write.1.tlog
C:\Users\Rishabh\Documents\Visual Studio 2012\Projects\be_project\be_project\x64\Debug\link.10720-rc.read.1.tlog
C:\Users\Rishabh\Documents\Visual Studio 2012\Projects\be_project\be_project\x64\Debug\link.10720-rc.write.1.tlog
C:\Users\Rishabh\Documents\Visual Studio 2012\Projects\be_project\be_project\x64\Debug\link.10720.read.1.tlog
C:\Users\Rishabh\Documents\Visual Studio 2012\Projects\be_project\be_project\x64\Debug\link.10720.write.1.tlog
C:\Users\Rishabh\Documents\Visual Studio 2012\Projects\be_project\be_project\x64\Debug\link.11208-cvtres.read.1.tlog
C:\Users\Rishabh\Documents\Visual Studio 2012\Projects\be_project\be_project\x64\Debug\link.11208-cvtres.write.1.tlog
C:\Users\Rishabh\Documents\Visual Studio 2012\Projects\be_project\be_project\x64\Debug\link.11208-rc.read.1.tlog
C:\Users\Rishabh\Documents\Visual Studio 2012\Projects\be_project\be_project\x64\Debug\link.11208-rc.write.1.tlog
C:\Users\Rishabh\Documents\Visual Studio 2012\Projects\be_project\be_project\x64\Debug\link.11208.read.1.tlog
C:\Users\Rishabh\Documents\Visual Studio 2012\Projects\be_project\be_project\x64\Debug\link.11208.write.1.tlog
C:\Users\Rishabh\Documents\Visual Studio 2012\Projects\be_project\be_project\x64\Debug\link.1128-cvtres.read.1.tlog
C:\Users\Rishabh\Documents\Visual Studio 2012\Projects\be_project\be_project\x64\Debug\link.1128-cvtres.write.1.tlog
C:\Users\Rishabh\Documents\Visual Studio 2012\Projects\be_project\be_project\x64\Debug\link.1128-rc.read.1.tlog
C:\Users\Rishabh\Documents\Visual Studio 2012\Projects\be_project\be_project\x64\Debug\link.1128-rc.write.1.tlog
C:\Users\Rishabh\Documents\Visual Studio 2012\Projects\be_project\be_project\x64\Debug\link.1128.read.1.tlog
C:\Users\Rishabh\Documents\Visual Studio 2012\Projects\be_project\be_project\x64\Debug\link.1128.write.1.tlog
C:\Users\Rishabh\Documents\Visual Studio 2012\Projects\be_project\be_project\x64\Debug\link.11320-cvtres.read.1.tlog
C:\Users\Rishabh\Documents\Visual Studio 2012\Projects\be_project\be_project\x64\Debug\link.11320-cvtres.write.1.tlog
C:\Users\Rishabh\Documents\Visual Studio 2012\Projects\be_project\be_project\x64\Debug\link.11320-rc.read.1.tlog
C:\Users\Rishabh\Documents\Visual Studio 2012\Projects\be_project\be_project\x64\Debug\link.11320-rc.write.1.tlog
C:\Users\Rishabh\Documents\Visual Studio 2012\Projects\be_project\be_project\x64\Debug\link.11320.read.1.tlog
C:\Users\Rishabh\Documents\Visual Studio 2012\Projects\be_project\be_project\x64\Debug\link.11320.write.1.tlog
C:\Users\Rishabh\Documents\Visual Studio 2012\Projects\be_project\be_project\x64\Debug\link.1144-cvtres.read.1.tlog
C:\Users\Rishabh\Documents\Visual Studio 2012\Projects\be_project\be_project\x64\Debug\link.1144-cvtres.write.1.tlog
C:\Users\Rishabh\Documents\Visual Studio 2012\Projects\be_project\be_project\x64\Debug\link.1144-rc.read.1.tlog
C:\Users\Rishabh\Documents\Visual Studio 2012\Projects\be_project\be_project\x64\Debug\link.1144-rc.write.1.tlog
C:\Users\Rishabh\Documents\Visual Studio 2012\Projects\be_project\be_project\x64\Debug\link.1144.read.1.tlog
C:\Users\Rishabh\Documents\Visual Studio 2012\Projects\be_project\be_project\x64\Debug\link.1144.write.1.tlog
C:\Users\Rishabh\Documents\Visual Studio 2012\Projects\be_project\be_project\x64\Debug\link.1164-cvtres.read.1.tlog
C:\Users\Rishabh\Documents\Visual Studio 2012\Projects\be_project\be_project\x64\Debug\link.1164-cvtres.write.1.tlog
C:\Users\Rishabh\Documents\Visual Studio 2012\Projects\be_project\be_project\x64\Debug\link.1164-rc.read.1.tlog
C:\Users\Rishabh\Documents\Visual Studio 2012\Projects\be_project\be_project\x64\Debug\link.1164-rc.write.1.tlog
C:\Users\Rishabh\Documents\Visual Studio 2012\Projects\be_project\be_project\x64\Debug\link.1164.read.1.tlog
C:\Users\Rishabh\Documents\Visual Studio 2012\Projects\be_project\be_project\x64\Debug\link.1164.write.1.tlog
C:\Users\Rishabh\Documents\Visual Studio 2012\Projects\be_project\be_project\x64\Debug\link.12932-cvtres.read.1.tlog
C:\Users\Rishabh\Documents\Visual Studio 2012\Projects\be_project\be_project\x64\Debug\link.12932-cvtres.write.1.tlog
C:\Users\Rishabh\Documents\Visual Studio 2012\Projects\be_project\be_project\x64\Debug\link.12932-rc.read.1.tlog
C:\Users\Rishabh\Documents\Visual Studio 2012\Projects\be_project\be_project\x64\Debug\link.12932-rc.write.1.tlog
C:\Users\Rishabh\Documents\Visual Studio 2012\Projects\be_project\be_project\x64\Debug\link.12932.read.1.tlog
C:\Users\Rishabh\Documents\Visual Studio 2012\Projects\be_project\be_project\x64\Debug\link.12932.write.1.tlog
C:\Users\Rishabh\Documents\Visual Studio 2012\Projects\be_project\be_project\x64\Debug\link.13084-cvtres.read.1.tlog
C:\Users\Rishabh\Documents\Visual Studio 2012\Projects\be_project\be_project\x64\Debug\link.13084-cvtres.write.1.tlog
C:\Users\Rishabh\Documents\Visual Studio 2012\Projects\be_project\be_project\x64\Debug\link.13084-rc.read.1.tlog
C:\Users\Rishabh\Documents\Visual Studio 2012\Projects\be_project\be_project\x64\Debug\link.13084-rc.write.1.tlog
C:\Users\Rishabh\Documents\Visual Studio 2012\Projects\be_project\be_project\x64\Debug\link.13084.read.1.tlog
C:\Users\Rishabh\Documents\Visual Studio 2012\Projects\be_project\be_project\x64\Debug\link.13084.write.1.tlog
C:\Users\Rishabh\Documents\Visual Studio 2012\Projects\be_project\be_project\x64\Debug\link.15340-cvtres.read.1.tlog
C:\Users\Rishabh\Documents\Visual Studio 2012\Projects\be_project\be_project\x64\Debug\link.15340-cvtres.write.1.tlog
C:\Users\Rishabh\Documents\Visual Studio 2012\Projects\be_project\be_project\x64\Debug\link.15340-rc.read.1.tlog
C:\Users\Rishabh\Documents\Visual Studio 2012\Projects\be_project\be_project\x64\Debug\link.15340-rc.write.1.tlog
C:\Users\Rishabh\Documents\Visual Studio 2012\Projects\be_project\be_project\x64\Debug\link.15340.read.1.tlog
C:\Users\Rishabh\Documents\Visual Studio 2012\Projects\be_project\be_project\x64\Debug\link.15340.write.1.tlog
C:\Users\Rishabh\Documents\Visual Studio 2012\Projects\be_project\be_project\x64\Debug\link.15896-cvtres.read.1.tlog
C:\Users\Rishabh\Documents\Visual Studio 2012\Projects\be_project\be_project\x64\Debug\link.15896-cvtres.write.1.tlog
C:\Users\Rishabh\Documents\Visual Studio 2012\Projects\be_project\be_project\x64\Debug\link.15896-rc.read.1.tlog
C:\Users\Rishabh\Documents\Visual Studio 2012\Projects\be_project\be_project\x64\Debug\link.15896-rc.write.1.tlog
C:\Users\Rishabh\Documents\Visual Studio 2012\Projects\be_project\be_project\x64\Debug\link.15896.read.1.tlog
C:\Users\Rishabh\Documents\Visual Studio 2012\Projects\be_project\be_project\x64\Debug\link.15896.write.1.tlog
C:\Users\Rishabh\Documents\Visual Studio 2012\Projects\be_project\be_project\x64\Debug\link.16240-cvtres.read.1.tlog
C:\Users\Rishabh\Documents\Visual Studio 2012\Projects\be_project\be_project\x64\Debug\link.16240-cvtres.write.1.tlog
C:\Users\Rishabh\Documents\Visual Studio 2012\Projects\be_project\be_project\x64\Debug\link.16240-rc.read.1.tlog
C:\Users\Rishabh\Documents\Visual Studio 2012\Projects\be_project\be_project\x64\Debug\link.16240-rc.write.1.tlog
C:\Users\Rishabh\Documents\Visual Studio 2012\Projects\be_project\be_project\x64\Debug\link.16240.read.1.tlog
C:\Users\Rishabh\Documents\Visual Studio 2012\Projects\be_project\be_project\x64\Debug\link.16240.write.1.tlog
C:\Users\Rishabh\Documents\Visual Studio 2012\Projects\be_project\be_project\x64\Debug\link.16364-cvtres.read.1.tlog
C:\Users\Rishabh\Documents\Visual Studio 2012\Projects\be_project\be_project\x64\Debug\link.16364-cvtres.write.1.tlog
C:\Users\Rishabh\Documents\Visual Studio 2012\Projects\be_project\be_project\x64\Debug\link.16364-rc.read.1.tlog
C:\Users\Rishabh\Documents\Visual Studio 2012\Projects\be_project\be_project\x64\Debug\link.16364-rc.write.1.tlog
C:\Users\Rishabh\Documents\Visual Studio 2012\Projects\be_project\be_project\x64\Debug\link.16364.read.1.tlog
C:\Users\Rishabh\Documents\Visual Studio 2012\Projects\be_project\be_project\x64\Debug\link.16364.write.1.tlog
C:\Users\Rishabh\Documents\Visual Studio 2012\Projects\be_project\be_project\x64\Debug\link.16424-cvtres.read.1.tlog
C:\Users\Rishabh\Documents\Visual Studio 2012\Projects\be_project\be_project\x64\Debug\link.16424-cvtres.write.1.tlog
C:\Users\Rishabh\Documents\Visual Studio 2012\Projects\be_project\be_project\x64\Debug\link.16424-rc.read.1.tlog
C:\Users\Rishabh\Documents\Visual Studio 2012\Projects\be_project\be_project\x64\Debug\link.16424-rc.write.1.tlog
C:\Users\Rishabh\Documents\Visual Studio 2012\Projects\be_project\be_project\x64\Debug\link.16424.read.1.tlog
C:\Users\Rishabh\Documents\Visual Studio 2012\Projects\be_project\be_project\x64\Debug\link.16424.write.1.tlog
C:\Users\Rishabh\Documents\Visual Studio 2012\Projects\be_project\be_project\x64\Debug\link.16632-cvtres.read.1.tlog
C:\Users\Rishabh\Documents\Visual Studio 2012\Projects\be_project\be_project\x64\Debug\link.16632-cvtres.write.1.tlog
C:\Users\Rishabh\Documents\Visual Studio 2012\Projects\be_project\be_project\x64\Debug\link.16632-rc.read.1.tlog
C:\Users\Rishabh\Documents\Visual Studio 2012\Projects\be_project\be_project\x64\Debug\link.16632-rc.write.1.tlog
C:\Users\Rishabh\Documents\Visual Studio 2012\Projects\be_project\be_project\x64\Debug\link.16632.read.1.tlog
C:\Users\Rishabh\Documents\Visual Studio 2012\Projects\be_project\be_project\x64\Debug\link.16632.write.1.tlog
C:\Users\Rishabh\Documents\Visual Studio 2012\Projects\be_project\be_project\x64\Debug\link.16908-cvtres.read.1.tlog
C:\Users\Rishabh\Documents\Visual Studio 2012\Projects\be_project\be_project\x64\Debug\link.16908-cvtres.write.1.tlog
C:\Users\Rishabh\Documents\Visual Studio 2012\Projects\be_project\be_project\x64\Debug\link.16908-rc.read.1.tlog
C:\Users\Rishabh\Documents\Visual Studio 2012\Projects\be_project\be_project\x64\Debug\link.16908-rc.write.1.tlog
C:\Users\Rishabh\Documents\Visual Studio 2012\Projects\be_project\be_project\x64\Debug\link.16908.read.1.tlog
C:\Users\Rishabh\Documents\Visual Studio 2012\Projects\be_project\be_project\x64\Debug\link.16908.write.1.tlog
C:\Users\Rishabh\Documents\Visual Studio 2012\Projects\be_project\be_project\x64\Debug\link.1696-cvtres.read.1.tlog
C:\Users\Rishabh\Documents\Visual Studio 2012\Projects\be_project\be_project\x64\Debug\link.1696-cvtres.write.1.tlog
C:\Users\Rishabh\Documents\Visual Studio 2012\Projects\be_project\be_project\x64\Debug\link.1696-rc.read.1.tlog
C:\Users\Rishabh\Documents\Visual Studio 2012\Projects\be_project\be_project\x64\Debug\link.1696-rc.write.1.tlog
C:\Users\Rishabh\Documents\Visual Studio 2012\Projects\be_project\be_project\x64\Debug\link.1696.read.1.tlog
C:\Users\Rishabh\Documents\Visual Studio 2012\Projects\be_project\be_project\x64\Debug\link.1696.write.1.tlog
C:\Users\Rishabh\Documents\Visual Studio 2012\Projects\be_project\be_project\x64\Debug\link.16980-cvtres.read.1.tlog
C:\Users\Rishabh\Documents\Visual Studio 2012\Projects\be_project\be_project\x64\Debug\link.16980-cvtres.write.1.tlog
C:\Users\Rishabh\Documents\Visual Studio 2012\Projects\be_project\be_project\x64\Debug\link.16980-rc.read.1.tlog
C:\Users\Rishabh\Documents\Visual Studio 2012\Projects\be_project\be_project\x64\Debug\link.16980-rc.write.1.tlog
C:\Users\Rishabh\Documents\Visual Studio 2012\Projects\be_project\be_project\x64\Debug\link.16980.read.1.tlog
C:\Users\Rishabh\Documents\Visual Studio 2012\Projects\be_project\be_project\x64\Debug\link.16980.write.1.tlog
C:\Users\Rishabh\Documents\Visual Studio 2012\Projects\be_project\be_project\x64\Debug\link.17488-cvtres.read.1.tlog
C:\Users\Rishabh\Documents\Visual Studio 2012\Projects\be_project\be_project\x64\Debug\link.17488-cvtres.write.1.tlog
C:\Users\Rishabh\Documents\Visual Studio 2012\Projects\be_project\be_project\x64\Debug\link.17488-rc.read.1.tlog
C:\Users\Rishabh\Documents\Visual Studio 2012\Projects\be_project\be_project\x64\Debug\link.17488-rc.write.1.tlog
C:\Users\Rishabh\Documents\Visual Studio 2012\Projects\be_project\be_project\x64\Debug\link.17488.read.1.tlog
C:\Users\Rishabh\Documents\Visual Studio 2012\Projects\be_project\be_project\x64\Debug\link.17488.write.1.tlog
C:\Users\Rishabh\Documents\Visual Studio 2012\Projects\be_project\be_project\x64\Debug\link.17892-cvtres.read.1.tlog
C:\Users\Rishabh\Documents\Visual Studio 2012\Projects\be_project\be_project\x64\Debug\link.17892-cvtres.write.1.tlog
C:\Users\Rishabh\Documents\Visual Studio 2012\Projects\be_project\be_project\x64\Debug\link.17892-rc.read.1.tlog
C:\Users\Rishabh\Documents\Visual Studio 2012\Projects\be_project\be_project\x64\Debug\link.17892-rc.write.1.tlog
C:\Users\Rishabh\Documents\Visual Studio 2012\Projects\be_project\be_project\x64\Debug\link.17892.read.1.tlog
C:\Users\Rishabh\Documents\Visual Studio 2012\Projects\be_project\be_project\x64\Debug\link.17892.write.1.tlog
C:\Users\Rishabh\Documents\Visual Studio 2012\Projects\be_project\be_project\x64\Debug\link.18376-cvtres.read.1.tlog
C:\Users\Rishabh\Documents\Visual Studio 2012\Projects\be_project\be_project\x64\Debug\link.18376-cvtres.write.1.tlog
C:\Users\Rishabh\Documents\Visual Studio 2012\Projects\be_project\be_project\x64\Debug\link.18376-rc.read.1.tlog
C:\Users\Rishabh\Documents\Visual Studio 2012\Projects\be_project\be_project\x64\Debug\link.18376-rc.write.1.tlog
C:\Users\Rishabh\Documents\Visual Studio 2012\Projects\be_project\be_project\x64\Debug\link.18376.read.1.tlog
C:\Users\Rishabh\Documents\Visual Studio 2012\Projects\be_project\be_project\x64\Debug\link.18376.write.1.tlog
C:\Users\Rishabh\Documents\Visual Studio 2012\Projects\be_project\be_project\x64\Debug\link.18884-cvtres.read.1.tlog
C:\Users\Rishabh\Documents\Visual Studio 2012\Projects\be_project\be_project\x64\Debug\link.18884-cvtres.write.1.tlog
C:\Users\Rishabh\Documents\Visual Studio 2012\Projects\be_project\be_project\x64\Debug\link.18884-rc.read.1.tlog
C:\Users\Rishabh\Documents\Visual Studio 2012\Projects\be_project\be_project\x64\Debug\link.18884-rc.write.1.tlog
C:\Users\Rishabh\Documents\Visual Studio 2012\Projects\be_project\be_project\x64\Debug\link.18884.read.1.tlog
C:\Users\Rishabh\Documents\Visual Studio 2012\Projects\be_project\be_project\x64\Debug\link.18884.write.1.tlog
C:\Users\Rishabh\Documents\Visual Studio 2012\Projects\be_project\be_project\x64\Debug\link.19160-cvtres.read.1.tlog
C:\Users\Rishabh\Documents\Visual Studio 2012\Projects\be_project\be_project\x64\Debug\link.19160-cvtres.write.1.tlog
C:\Users\Rishabh\Documents\Visual Studio 2012\Projects\be_project\be_project\x64\Debug\link.19160-rc.read.1.tlog
C:\Users\Rishabh\Documents\Visual Studio 2012\Projects\be_project\be_project\x64\Debug\link.19160-rc.write.1.tlog
C:\Users\Rishabh\Documents\Visual Studio 2012\Projects\be_project\be_project\x64\Debug\link.19160.read.1.tlog
C:\Users\Rishabh\Documents\Visual Studio 2012\Projects\be_project\be_project\x64\Debug\link.19160.write.1.tlog
C:\Users\Rishabh\Documents\Visual Studio 2012\Projects\be_project\be_project\x64\Debug\link.19180-cvtres.read.1.tlog
C:\Users\Rishabh\Documents\Visual Studio 2012\Projects\be_project\be_project\x64\Debug\link.19180-cvtres.write.1.tlog
C:\Users\Rishabh\Documents\Visual Studio 2012\Projects\be_project\be_project\x64\Debug\link.19180-rc.read.1.tlog
C:\Users\Rishabh\Documents\Visual Studio 2012\Projects\be_project\be_project\x64\Debug\link.19180-rc.write.1.tlog
C:\Users\Rishabh\Documents\Visual Studio 2012\Projects\be_project\be_project\x64\Debug\link.19180.read.1.tlog
C:\Users\Rishabh\Documents\Visual Studio 2012\Projects\be_project\be_project\x64\Debug\link.19180.write.1.tlog
C:\Users\Rishabh\Documents\Visual Studio 2012\Projects\be_project\be_project\x64\Debug\link.1984-cvtres.read.1.tlog
C:\Users\Rishabh\Documents\Visual Studio 2012\Projects\be_project\be_project\x64\Debug\link.1984-cvtres.write.1.tlog
C:\Users\Rishabh\Documents\Visual Studio 2012\Projects\be_project\be_project\x64\Debug\link.1984-rc.read.1.tlog
C:\Users\Rishabh\Documents\Visual Studio 2012\Projects\be_project\be_project\x64\Debug\link.1984-rc.write.1.tlog
C:\Users\Rishabh\Documents\Visual Studio 2012\Projects\be_project\be_project\x64\Debug\link.1984.read.1.tlog
C:\Users\Rishabh\Documents\Visual Studio 2012\Projects\be_project\be_project\x64\Debug\link.1984.write.1.tlog
C:\Users\Rishabh\Documents\Visual Studio 2012\Projects\be_project\be_project\x64\Debug\link.20072-cvtres.read.1.tlog
C:\Users\Rishabh\Documents\Visual Studio 2012\Projects\be_project\be_project\x64\Debug\link.20072-cvtres.write.1.tlog
C:\Users\Rishabh\Documents\Visual Studio 2012\Projects\be_project\be_project\x64\Debug\link.20072-rc.read.1.tlog
C:\Users\Rishabh\Documents\Visual Studio 2012\Projects\be_project\be_project\x64\Debug\link.20072-rc.write.1.tlog
C:\Users\Rishabh\Documents\Visual Studio 2012\Projects\be_project\be_project\x64\Debug\link.20072.read.1.tlog
C:\Users\Rishabh\Documents\Visual Studio 2012\Projects\be_project\be_project\x64\Debug\link.20072.write.1.tlog
C:\Users\Rishabh\Documents\Visual Studio 2012\Projects\be_project\be_project\x64\Debug\link.20172-cvtres.read.1.tlog
C:\Users\Rishabh\Documents\Visual Studio 2012\Projects\be_project\be_project\x64\Debug\link.20172-cvtres.write.1.tlog
C:\Users\Rishabh\Documents\Visual Studio 2012\Projects\be_project\be_project\x64\Debug\link.20172-rc.read.1.tlog
C:\Users\Rishabh\Documents\Visual Studio 2012\Projects\be_project\be_project\x64\Debug\link.20172-rc.write.1.tlog
C:\Users\Rishabh\Documents\Visual Studio 2012\Projects\be_project\be_project\x64\Debug\link.20172.read.1.tlog
C:\Users\Rishabh\Documents\Visual Studio 2012\Projects\be_project\be_project\x64\Debug\link.20172.write.1.tlog
C:\Users\Rishabh\Documents\Visual Studio 2012\Projects\be_project\be_project\x64\Debug\link.2204-cvtres.read.1.tlog
C:\Users\Rishabh\Documents\Visual Studio 2012\Projects\be_project\be_project\x64\Debug\link.2204-cvtres.write.1.tlog
C:\Users\Rishabh\Documents\Visual Studio 2012\Projects\be_project\be_project\x64\Debug\link.2204-rc.read.1.tlog
C:\Users\Rishabh\Documents\Visual Studio 2012\Projects\be_project\be_project\x64\Debug\link.2204-rc.write.1.tlog
C:\Users\Rishabh\Documents\Visual Studio 2012\Projects\be_project\be_project\x64\Debug\link.2204.read.1.tlog
C:\Users\Rishabh\Documents\Visual Studio 2012\Projects\be_project\be_project\x64\Debug\link.2204.write.1.tlog
C:\Users\Rishabh\Documents\Visual Studio 2012\Projects\be_project\be_project\x64\Debug\link.2332-cvtres.read.1.tlog
C:\Users\Rishabh\Documents\Visual Studio 2012\Projects\be_project\be_project\x64\Debug\link.2332-cvtres.write.1.tlog
C:\Users\Rishabh\Documents\Visual Studio 2012\Projects\be_project\be_project\x64\Debug\link.2332-rc.read.1.tlog
C:\Users\Rishabh\Documents\Visual Studio 2012\Projects\be_project\be_project\x64\Debug\link.2332-rc.write.1.tlog
C:\Users\Rishabh\Documents\Visual Studio 2012\Projects\be_project\be_project\x64\Debug\link.2332.read.1.tlog
C:\Users\Rishabh\Documents\Visual Studio 2012\Projects\be_project\be_project\x64\Debug\link.2332.write.1.tlog
C:\Users\Rishabh\Documents\Visual Studio 2012\Projects\be_project\be_project\x64\Debug\link.3136-cvtres.read.1.tlog
C:\Users\Rishabh\Documents\Visual Studio 2012\Projects\be_project\be_project\x64\Debug\link.3136-cvtres.write.1.tlog
C:\Users\Rishabh\Documents\Visual Studio 2012\Projects\be_project\be_project\x64\Debug\link.3136-rc.read.1.tlog
C:\Users\Rishabh\Documents\Visual Studio 2012\Projects\be_project\be_project\x64\Debug\link.3136-rc.write.1.tlog
C:\Users\Rishabh\Documents\Visual Studio 2012\Projects\be_project\be_project\x64\Debug\link.3136.read.1.tlog
C:\Users\Rishabh\Documents\Visual Studio 2012\Projects\be_project\be_project\x64\Debug\link.3136.write.1.tlog
C:\Users\Rishabh\Documents\Visual Studio 2012\Projects\be_project\be_project\x64\Debug\link.3264-cvtres.read.1.tlog
C:\Users\Rishabh\Documents\Visual Studio 2012\Projects\be_project\be_project\x64\Debug\link.3264-cvtres.write.1.tlog
C:\Users\Rishabh\Documents\Visual Studio 2012\Projects\be_project\be_project\x64\Debug\link.3264-rc.read.1.tlog
C:\Users\Rishabh\Documents\Visual Studio 2012\Projects\be_project\be_project\x64\Debug\link.3264-rc.write.1.tlog
C:\Users\Rishabh\Documents\Visual Studio 2012\Projects\be_project\be_project\x64\Debug\link.3264.read.1.tlog
C:\Users\Rishabh\Documents\Visual Studio 2012\Projects\be_project\be_project\x64\Debug\link.3264.write.1.tlog
C:\Users\Rishabh\Documents\Visual Studio 2012\Projects\be_project\be_project\x64\Debug\link.3620-cvtres.read.1.tlog
C:\Users\Rishabh\Documents\Visual Studio 2012\Projects\be_project\be_project\x64\Debug\link.3620-cvtres.write.1.tlog
C:\Users\Rishabh\Documents\Visual Studio 2012\Projects\be_project\be_project\x64\Debug\link.3620-rc.read.1.tlog
C:\Users\Rishabh\Documents\Visual Studio 2012\Projects\be_project\be_project\x64\Debug\link.3620-rc.write.1.tlog
C:\Users\Rishabh\Documents\Visual Studio 2012\Projects\be_project\be_project\x64\Debug\link.3620.read.1.tlog
C:\Users\Rishabh\Documents\Visual Studio 2012\Projects\be_project\be_project\x64\Debug\link.3620.write.1.tlog
C:\Users\Rishabh\Documents\Visual Studio 2012\Projects\be_project\be_project\x64\Debug\link.3892-cvtres.read.1.tlog
C:\Users\Rishabh\Documents\Visual Studio 2012\Projects\be_project\be_project\x64\Debug\link.3892-cvtres.write.1.tlog
C:\Users\Rishabh\Documents\Visual Studio 2012\Projects\be_project\be_project\x64\Debug\link.3892-rc.read.1.tlog
C:\Users\Rishabh\Documents\Visual Studio 2012\Projects\be_project\be_project\x64\Debug\link.3892-rc.write.1.tlog
C:\Users\Rishabh\Documents\Visual Studio 2012\Projects\be_project\be_project\x64\Debug\link.3892.read.1.tlog
C:\Users\Rishabh\Documents\Visual Studio 2012\Projects\be_project\be_project\x64\Debug\link.3892.write.1.tlog
C:\Users\Rishabh\Documents\Visual Studio 2012\Projects\be_project\be_project\x64\Debug\link.4160-cvtres.read.1.tlog
C:\Users\Rishabh\Documents\Visual Studio 2012\Projects\be_project\be_project\x64\Debug\link.4160-cvtres.write.1.tlog
C:\Users\Rishabh\Documents\Visual Studio 2012\Projects\be_project\be_project\x64\Debug\link.4160-rc.read.1.tlog
C:\Users\Rishabh\Documents\Visual Studio 2012\Projects\be_project\be_project\x64\Debug\link.4160-rc.write.1.tlog
C:\Users\Rishabh\Documents\Visual Studio 2012\Projects\be_project\be_project\x64\Debug\link.4160.read.1.tlog
C:\Users\Rishabh\Documents\Visual Studio 2012\Projects\be_project\be_project\x64\Debug\link.4160.write.1.tlog
C:\Users\Rishabh\Documents\Visual Studio 2012\Projects\be_project\be_project\x64\Debug\link.4232-cvtres.read.1.tlog
C:\Users\Rishabh\Documents\Visual Studio 2012\Projects\be_project\be_project\x64\Debug\link.4232-cvtres.write.1.tlog
C:\Users\Rishabh\Documents\Visual Studio 2012\Projects\be_project\be_project\x64\Debug\link.4232-rc.read.1.tlog
C:\Users\Rishabh\Documents\Visual Studio 2012\Projects\be_project\be_project\x64\Debug\link.4232-rc.write.1.tlog
C:\Users\Rishabh\Documents\Visual Studio 2012\Projects\be_project\be_project\x64\Debug\link.4232.read.1.tlog
C:\Users\Rishabh\Documents\Visual Studio 2012\Projects\be_project\be_project\x64\Debug\link.4232.write.1.tlog
C:\Users\Rishabh\Documents\Visual Studio 2012\Projects\be_project\be_project\x64\Debug\link.4288-cvtres.read.1.tlog
C:\Users\Rishabh\Documents\Visual Studio 2012\Projects\be_project\be_project\x64\Debug\link.4288-cvtres.write.1.tlog
C:\Users\Rishabh\Documents\Visual Studio 2012\Projects\be_project\be_project\x64\Debug\link.4288-rc.read.1.tlog
C:\Users\Rishabh\Documents\Visual Studio 2012\Projects\be_project\be_project\x64\Debug\link.4288-rc.write.1.tlog
C:\Users\Rishabh\Documents\Visual Studio 2012\Projects\be_project\be_project\x64\Debug\link.4288.read.1.tlog
C:\Users\Rishabh\Documents\Visual Studio 2012\Projects\be_project\be_project\x64\Debug\link.4288.write.1.tlog
C:\Users\Rishabh\Documents\Visual Studio 2012\Projects\be_project\be_project\x64\Debug\link.4340-cvtres.read.1.tlog
C:\Users\Rishabh\Documents\Visual Studio 2012\Projects\be_project\be_project\x64\Debug\link.4340-cvtres.write.1.tlog
C:\Users\Rishabh\Documents\Visual Studio 2012\Projects\be_project\be_project\x64\Debug\link.4340-rc.read.1.tlog
C:\Users\Rishabh\Documents\Visual Studio 2012\Projects\be_project\be_project\x64\Debug\link.4340-rc.write.1.tlog
C:\Users\Rishabh\Documents\Visual Studio 2012\Projects\be_project\be_project\x64\Debug\link.4340.read.1.tlog
C:\Users\Rishabh\Documents\Visual Studio 2012\Projects\be_project\be_project\x64\Debug\link.4340.write.1.tlog
C:\Users\Rishabh\Documents\Visual Studio 2012\Projects\be_project\be_project\x64\Debug\link.4600-cvtres.read.1.tlog
C:\Users\Rishabh\Documents\Visual Studio 2012\Projects\be_project\be_project\x64\Debug\link.4600-cvtres.write.1.tlog
C:\Users\Rishabh\Documents\Visual Studio 2012\Projects\be_project\be_project\x64\Debug\link.4600-rc.read.1.tlog
C:\Users\Rishabh\Documents\Visual Studio 2012\Projects\be_project\be_project\x64\Debug\link.4600-rc.write.1.tlog
C:\Users\Rishabh\Documents\Visual Studio 2012\Projects\be_project\be_project\x64\Debug\link.4600.read.1.tlog
C:\Users\Rishabh\Documents\Visual Studio 2012\Projects\be_project\be_project\x64\Debug\link.4600.write.1.tlog
C:\Users\Rishabh\Documents\Visual Studio 2012\Projects\be_project\be_project\x64\Debug\link.4624-cvtres.read.1.tlog
C:\Users\Rishabh\Documents\Visual Studio 2012\Projects\be_project\be_project\x64\Debug\link.4624-cvtres.write.1.tlog
C:\Users\Rishabh\Documents\Visual Studio 2012\Projects\be_project\be_project\x64\Debug\link.4624-rc.read.1.tlog
C:\Users\Rishabh\Documents\Visual Studio 2012\Projects\be_project\be_project\x64\Debug\link.4624-rc.write.1.tlog
C:\Users\Rishabh\Documents\Visual Studio 2012\Projects\be_project\be_project\x64\Debug\link.4624.read.1.tlog
C:\Users\Rishabh\Documents\Visual Studio 2012\Projects\be_project\be_project\x64\Debug\link.4624.write.1.tlog
C:\Users\Rishabh\Documents\Visual Studio 2012\Projects\be_project\be_project\x64\Debug\link.4720-cvtres.read.1.tlog
C:\Users\Rishabh\Documents\Visual Studio 2012\Projects\be_project\be_project\x64\Debug\link.4720-cvtres.write.1.tlog
C:\Users\Rishabh\Documents\Visual Studio 2012\Projects\be_project\be_project\x64\Debug\link.4720-rc.read.1.tlog
C:\Users\Rishabh\Documents\Visual Studio 2012\Projects\be_project\be_project\x64\Debug\link.4720-rc.write.1.tlog
C:\Users\Rishabh\Documents\Visual Studio 2012\Projects\be_project\be_project\x64\Debug\link.4720.read.1.tlog
C:\Users\Rishabh\Documents\Visual Studio 2012\Projects\be_project\be_project\x64\Debug\link.4720.write.1.tlog
C:\Users\Rishabh\Documents\Visual Studio 2012\Projects\be_project\be_project\x64\Debug\link.4772-cvtres.read.1.tlog
C:\Users\Rishabh\Documents\Visual Studio 2012\Projects\be_project\be_project\x64\Debug\link.4772-cvtres.write.1.tlog
C:\Users\Rishabh\Documents\Visual Studio 2012\Projects\be_project\be_project\x64\Debug\link.4772-rc.read.1.tlog
C:\Users\Rishabh\Documents\Visual Studio 2012\Projects\be_project\be_project\x64\Debug\link.4772-rc.write.1.tlog
C:\Users\Rishabh\Documents\Visual Studio 2012\Projects\be_project\be_project\x64\Debug\link.4772.read.1.tlog
C:\Users\Rishabh\Documents\Visual Studio 2012\Projects\be_project\be_project\x64\Debug\link.4772.write.1.tlog
C:\Users\Rishabh\Documents\Visual Studio 2012\Projects\be_project\be_project\x64\Debug\link.4776-cvtres.read.1.tlog
C:\Users\Rishabh\Documents\Visual Studio 2012\Projects\be_project\be_project\x64\Debug\link.4776-cvtres.write.1.tlog
C:\Users\Rishabh\Documents\Visual Studio 2012\Projects\be_project\be_project\x64\Debug\link.4776-rc.read.1.tlog
C:\Users\Rishabh\Documents\Visual Studio 2012\Projects\be_project\be_project\x64\Debug\link.4776-rc.write.1.tlog
C:\Users\Rishabh\Documents\Visual Studio 2012\Projects\be_project\be_project\x64\Debug\link.4776.read.1.tlog
C:\Users\Rishabh\Documents\Visual Studio 2012\Projects\be_project\be_project\x64\Debug\link.4776.write.1.tlog
C:\Users\Rishabh\Documents\Visual Studio 2012\Projects\be_project\be_project\x64\Debug\link.4856-cvtres.read.1.tlog
C:\Users\Rishabh\Documents\Visual Studio 2012\Projects\be_project\be_project\x64\Debug\link.4856-cvtres.write.1.tlog
C:\Users\Rishabh\Documents\Visual Studio 2012\Projects\be_project\be_project\x64\Debug\link.4856-rc.read.1.tlog
C:\Users\Rishabh\Documents\Visual Studio 2012\Projects\be_project\be_project\x64\Debug\link.4856-rc.write.1.tlog
C:\Users\Rishabh\Documents\Visual Studio 2012\Projects\be_project\be_project\x64\Debug\link.4856.read.1.tlog
C:\Users\Rishabh\Documents\Visual Studio 2012\Projects\be_project\be_project\x64\Debug\link.4856.write.1.tlog
C:\Users\Rishabh\Documents\Visual Studio 2012\Projects\be_project\be_project\x64\Debug\link.5004-cvtres.read.1.tlog
C:\Users\Rishabh\Documents\Visual Studio 2012\Projects\be_project\be_project\x64\Debug\link.5004-cvtres.write.1.tlog
C:\Users\Rishabh\Documents\Visual Studio 2012\Projects\be_project\be_project\x64\Debug\link.5004-rc.read.1.tlog
C:\Users\Rishabh\Documents\Visual Studio 2012\Projects\be_project\be_project\x64\Debug\link.5004-rc.write.1.tlog
C:\Users\Rishabh\Documents\Visual Studio 2012\Projects\be_project\be_project\x64\Debug\link.5004.read.1.tlog
C:\Users\Rishabh\Documents\Visual Studio 2012\Projects\be_project\be_project\x64\Debug\link.5004.write.1.tlog
C:\Users\Rishabh\Documents\Visual Studio 2012\Projects\be_project\be_project\x64\Debug\link.5128-cvtres.read.1.tlog
C:\Users\Rishabh\Documents\Visual Studio 2012\Projects\be_project\be_project\x64\Debug\link.5128-cvtres.write.1.tlog
C:\Users\Rishabh\Documents\Visual Studio 2012\Projects\be_project\be_project\x64\Debug\link.5128-rc.read.1.tlog
C:\Users\Rishabh\Documents\Visual Studio 2012\Projects\be_project\be_project\x64\Debug\link.5128-rc.write.1.tlog
C:\Users\Rishabh\Documents\Visual Studio 2012\Projects\be_project\be_project\x64\Debug\link.5128.read.1.tlog
C:\Users\Rishabh\Documents\Visual Studio 2012\Projects\be_project\be_project\x64\Debug\link.5128.write.1.tlog
C:\Users\Rishabh\Documents\Visual Studio 2012\Projects\be_project\be_project\x64\Debug\link.5288-cvtres.read.1.tlog
C:\Users\Rishabh\Documents\Visual Studio 2012\Projects\be_project\be_project\x64\Debug\link.5288-cvtres.write.1.tlog
C:\Users\Rishabh\Documents\Visual Studio 2012\Projects\be_project\be_project\x64\Debug\link.5288-rc.read.1.tlog
C:\Users\Rishabh\Documents\Visual Studio 2012\Projects\be_project\be_project\x64\Debug\link.5288-rc.write.1.tlog
C:\Users\Rishabh\Documents\Visual Studio 2012\Projects\be_project\be_project\x64\Debug\link.5288.read.1.tlog
C:\Users\Rishabh\Documents\Visual Studio 2012\Projects\be_project\be_project\x64\Debug\link.5288.write.1.tlog
C:\Users\Rishabh\Documents\Visual Studio 2012\Projects\be_project\be_project\x64\Debug\link.5312-cvtres.read.1.tlog
C:\Users\Rishabh\Documents\Visual Studio 2012\Projects\be_project\be_project\x64\Debug\link.5312-cvtres.write.1.tlog
C:\Users\Rishabh\Documents\Visual Studio 2012\Projects\be_project\be_project\x64\Debug\link.5312-rc.read.1.tlog
C:\Users\Rishabh\Documents\Visual Studio 2012\Projects\be_project\be_project\x64\Debug\link.5312-rc.write.1.tlog
C:\Users\Rishabh\Documents\Visual Studio 2012\Projects\be_project\be_project\x64\Debug\link.5312.read.1.tlog
C:\Users\Rishabh\Documents\Visual Studio 2012\Projects\be_project\be_project\x64\Debug\link.5312.write.1.tlog
C:\Users\Rishabh\Documents\Visual Studio 2012\Projects\be_project\be_project\x64\Debug\link.5328-cvtres.read.1.tlog
C:\Users\Rishabh\Documents\Visual Studio 2012\Projects\be_project\be_project\x64\Debug\link.5328-cvtres.write.1.tlog
C:\Users\Rishabh\Documents\Visual Studio 2012\Projects\be_project\be_project\x64\Debug\link.5328-rc.read.1.tlog
C:\Users\Rishabh\Documents\Visual Studio 2012\Projects\be_project\be_project\x64\Debug\link.5328-rc.write.1.tlog
C:\Users\Rishabh\Documents\Visual Studio 2012\Projects\be_project\be_project\x64\Debug\link.5328.read.1.tlog
C:\Users\Rishabh\Documents\Visual Studio 2012\Projects\be_project\be_project\x64\Debug\link.5328.write.1.tlog
C:\Users\Rishabh\Documents\Visual Studio 2012\Projects\be_project\be_project\x64\Debug\link.5360-cvtres.read.1.tlog
C:\Users\Rishabh\Documents\Visual Studio 2012\Projects\be_project\be_project\x64\Debug\link.5360-cvtres.write.1.tlog
C:\Users\Rishabh\Documents\Visual Studio 2012\Projects\be_project\be_project\x64\Debug\link.5360-rc.read.1.tlog
C:\Users\Rishabh\Documents\Visual Studio 2012\Projects\be_project\be_project\x64\Debug\link.5360-rc.write.1.tlog
C:\Users\Rishabh\Documents\Visual Studio 2012\Projects\be_project\be_project\x64\Debug\link.5360.read.1.tlog
C:\Users\Rishabh\Documents\Visual Studio 2012\Projects\be_project\be_project\x64\Debug\link.5360.write.1.tlog
C:\Users\Rishabh\Documents\Visual Studio 2012\Projects\be_project\be_project\x64\Debug\link.5540-cvtres.read.1.tlog
C:\Users\Rishabh\Documents\Visual Studio 2012\Projects\be_project\be_project\x64\Debug\link.5540-cvtres.write.1.tlog
C:\Users\Rishabh\Documents\Visual Studio 2012\Projects\be_project\be_project\x64\Debug\link.5540-rc.read.1.tlog
C:\Users\Rishabh\Documents\Visual Studio 2012\Projects\be_project\be_project\x64\Debug\link.5540-rc.write.1.tlog
C:\Users\Rishabh\Documents\Visual Studio 2012\Projects\be_project\be_project\x64\Debug\link.5540.read.1.tlog
C:\Users\Rishabh\Documents\Visual Studio 2012\Projects\be_project\be_project\x64\Debug\link.5540.write.1.tlog
C:\Users\Rishabh\Documents\Visual Studio 2012\Projects\be_project\be_project\x64\Debug\link.5564-cvtres.read.1.tlog
C:\Users\Rishabh\Documents\Visual Studio 2012\Projects\be_project\be_project\x64\Debug\link.5564-cvtres.write.1.tlog
C:\Users\Rishabh\Documents\Visual Studio 2012\Projects\be_project\be_project\x64\Debug\link.5564-rc.read.1.tlog
C:\Users\Rishabh\Documents\Visual Studio 2012\Projects\be_project\be_project\x64\Debug\link.5564-rc.write.1.tlog
C:\Users\Rishabh\Documents\Visual Studio 2012\Projects\be_project\be_project\x64\Debug\link.5564.read.1.tlog
C:\Users\Rishabh\Documents\Visual Studio 2012\Projects\be_project\be_project\x64\Debug\link.5564.write.1.tlog
C:\Users\Rishabh\Documents\Visual Studio 2012\Projects\be_project\be_project\x64\Debug\link.5612-cvtres.read.1.tlog
C:\Users\Rishabh\Documents\Visual Studio 2012\Projects\be_project\be_project\x64\Debug\link.5612-cvtres.write.1.tlog
C:\Users\Rishabh\Documents\Visual Studio 2012\Projects\be_project\be_project\x64\Debug\link.5612-rc.read.1.tlog
C:\Users\Rishabh\Documents\Visual Studio 2012\Projects\be_project\be_project\x64\Debug\link.5612-rc.write.1.tlog
C:\Users\Rishabh\Documents\Visual Studio 2012\Projects\be_project\be_project\x64\Debug\link.5612.read.1.tlog
C:\Users\Rishabh\Documents\Visual Studio 2012\Projects\be_project\be_project\x64\Debug\link.5612.write.1.tlog
C:\Users\Rishabh\Documents\Visual Studio 2012\Projects\be_project\be_project\x64\Debug\link.5636-cvtres.read.1.tlog
C:\Users\Rishabh\Documents\Visual Studio 2012\Projects\be_project\be_project\x64\Debug\link.5636-cvtres.write.1.tlog
C:\Users\Rishabh\Documents\Visual Studio 2012\Projects\be_project\be_project\x64\Debug\link.5636-rc.read.1.tlog
C:\Users\Rishabh\Documents\Visual Studio 2012\Projects\be_project\be_project\x64\Debug\link.5636-rc.write.1.tlog
C:\Users\Rishabh\Documents\Visual Studio 2012\Projects\be_project\be_project\x64\Debug\link.5636.read.1.tlog
C:\Users\Rishabh\Documents\Visual Studio 2012\Projects\be_project\be_project\x64\Debug\link.5636.write.1.tlog
C:\Users\Rishabh\Documents\Visual Studio 2012\Projects\be_project\be_project\x64\Debug\link.5744-cvtres.read.1.tlog
C:\Users\Rishabh\Documents\Visual Studio 2012\Projects\be_project\be_project\x64\Debug\link.5744-cvtres.write.1.tlog
C:\Users\Rishabh\Documents\Visual Studio 2012\Projects\be_project\be_project\x64\Debug\link.5744-rc.read.1.tlog
C:\Users\Rishabh\Documents\Visual Studio 2012\Projects\be_project\be_project\x64\Debug\link.5744-rc.write.1.tlog
C:\Users\Rishabh\Documents\Visual Studio 2012\Projects\be_project\be_project\x64\Debug\link.5744.read.1.tlog
C:\Users\Rishabh\Documents\Visual Studio 2012\Projects\be_project\be_project\x64\Debug\link.5744.write.1.tlog
C:\Users\Rishabh\Documents\Visual Studio 2012\Projects\be_project\be_project\x64\Debug\link.5852-cvtres.read.1.tlog
C:\Users\Rishabh\Documents\Visual Studio 2012\Projects\be_project\be_project\x64\Debug\link.5852-cvtres.write.1.tlog
C:\Users\Rishabh\Documents\Visual Studio 2012\Projects\be_project\be_project\x64\Debug\link.5852-rc.read.1.tlog
C:\Users\Rishabh\Documents\Visual Studio 2012\Projects\be_project\be_project\x64\Debug\link.5852-rc.write.1.tlog
C:\Users\Rishabh\Documents\Visual Studio 2012\Projects\be_project\be_project\x64\Debug\link.5852.read.1.tlog
C:\Users\Rishabh\Documents\Visual Studio 2012\Projects\be_project\be_project\x64\Debug\link.5852.write.1.tlog
C:\Users\Rishabh\Documents\Visual Studio 2012\Projects\be_project\be_project\x64\Debug\link.5888-cvtres.read.1.tlog
C:\Users\Rishabh\Documents\Visual Studio 2012\Projects\be_project\be_project\x64\Debug\link.5888-cvtres.write.1.tlog
C:\Users\Rishabh\Documents\Visual Studio 2012\Projects\be_project\be_project\x64\Debug\link.5888-rc.read.1.tlog
C:\Users\Rishabh\Documents\Visual Studio 2012\Projects\be_project\be_project\x64\Debug\link.5888-rc.write.1.tlog
C:\Users\Rishabh\Documents\Visual Studio 2012\Projects\be_project\be_project\x64\Debug\link.5888.read.1.tlog
C:\Users\Rishabh\Documents\Visual Studio 2012\Projects\be_project\be_project\x64\Debug\link.5888.write.1.tlog
C:\Users\Rishabh\Documents\Visual Studio 2012\Projects\be_project\be_project\x64\Debug\link.5988-cvtres.read.1.tlog
C:\Users\Rishabh\Documents\Visual Studio 2012\Projects\be_project\be_project\x64\Debug\link.5988-cvtres.write.1.tlog
C:\Users\Rishabh\Documents\Visual Studio 2012\Projects\be_project\be_project\x64\Debug\link.5988-rc.read.1.tlog
C:\Users\Rishabh\Documents\Visual Studio 2012\Projects\be_project\be_project\x64\Debug\link.5988-rc.write.1.tlog
C:\Users\Rishabh\Documents\Visual Studio 2012\Projects\be_project\be_project\x64\Debug\link.5988.read.1.tlog
C:\Users\Rishabh\Documents\Visual Studio 2012\Projects\be_project\be_project\x64\Debug\link.5988.write.1.tlog
C:\Users\Rishabh\Documents\Visual Studio 2012\Projects\be_project\be_project\x64\Debug\link.6016-cvtres.read.1.tlog
C:\Users\Rishabh\Documents\Visual Studio 2012\Projects\be_project\be_project\x64\Debug\link.6016-cvtres.write.1.tlog
C:\Users\Rishabh\Documents\Visual Studio 2012\Projects\be_project\be_project\x64\Debug\link.6016-rc.read.1.tlog
C:\Users\Rishabh\Documents\Visual Studio 2012\Projects\be_project\be_project\x64\Debug\link.6016-rc.write.1.tlog
C:\Users\Rishabh\Documents\Visual Studio 2012\Projects\be_project\be_project\x64\Debug\link.6016.read.1.tlog
C:\Users\Rishabh\Documents\Visual Studio 2012\Projects\be_project\be_project\x64\Debug\link.6016.write.1.tlog
C:\Users\Rishabh\Documents\Visual Studio 2012\Projects\be_project\be_project\x64\Debug\link.6052-cvtres.read.1.tlog
C:\Users\Rishabh\Documents\Visual Studio 2012\Projects\be_project\be_project\x64\Debug\link.6052-cvtres.write.1.tlog
C:\Users\Rishabh\Documents\Visual Studio 2012\Projects\be_project\be_project\x64\Debug\link.6052-rc.read.1.tlog
C:\Users\Rishabh\Documents\Visual Studio 2012\Projects\be_project\be_project\x64\Debug\link.6052-rc.write.1.tlog
C:\Users\Rishabh\Documents\Visual Studio 2012\Projects\be_project\be_project\x64\Debug\link.6052.read.1.tlog
C:\Users\Rishabh\Documents\Visual Studio 2012\Projects\be_project\be_project\x64\Debug\link.6052.write.1.tlog
C:\Users\Rishabh\Documents\Visual Studio 2012\Projects\be_project\be_project\x64\Debug\link.6060-cvtres.read.1.tlog
C:\Users\Rishabh\Documents\Visual Studio 2012\Projects\be_project\be_project\x64\Debug\link.6060-cvtres.write.1.tlog
C:\Users\Rishabh\Documents\Visual Studio 2012\Projects\be_project\be_project\x64\Debug\link.6060-rc.read.1.tlog
C:\Users\Rishabh\Documents\Visual Studio 2012\Projects\be_project\be_project\x64\Debug\link.6060-rc.write.1.tlog
C:\Users\Rishabh\Documents\Visual Studio 2012\Projects\be_project\be_project\x64\Debug\link.6060.read.1.tlog
C:\Users\Rishabh\Documents\Visual Studio 2012\Projects\be_project\be_project\x64\Debug\link.6060.write.1.tlog
C:\Users\Rishabh\Documents\Visual Studio 2012\Projects\be_project\be_project\x64\Debug\link.6192-cvtres.read.1.tlog
C:\Users\Rishabh\Documents\Visual Studio 2012\Projects\be_project\be_project\x64\Debug\link.6192-cvtres.write.1.tlog
C:\Users\Rishabh\Documents\Visual Studio 2012\Projects\be_project\be_project\x64\Debug\link.6192-rc.read.1.tlog
C:\Users\Rishabh\Documents\Visual Studio 2012\Projects\be_project\be_project\x64\Debug\link.6192-rc.write.1.tlog
C:\Users\Rishabh\Documents\Visual Studio 2012\Projects\be_project\be_project\x64\Debug\link.6192.read.1.tlog
C:\Users\Rishabh\Documents\Visual Studio 2012\Projects\be_project\be_project\x64\Debug\link.6192.write.1.tlog
C:\Users\Rishabh\Documents\Visual Studio 2012\Projects\be_project\be_project\x64\Debug\link.6264-cvtres.read.1.tlog
C:\Users\Rishabh\Documents\Visual Studio 2012\Projects\be_project\be_project\x64\Debug\link.6264-cvtres.write.1.tlog
C:\Users\Rishabh\Documents\Visual Studio 2012\Projects\be_project\be_project\x64\Debug\link.6264-rc.read.1.tlog
C:\Users\Rishabh\Documents\Visual Studio 2012\Projects\be_project\be_project\x64\Debug\link.6264-rc.write.1.tlog
C:\Users\Rishabh\Documents\Visual Studio 2012\Projects\be_project\be_project\x64\Debug\link.6264.read.1.tlog
C:\Users\Rishabh\Documents\Visual Studio 2012\Projects\be_project\be_project\x64\Debug\link.6264.write.1.tlog
C:\Users\Rishabh\Documents\Visual Studio 2012\Projects\be_project\be_project\x64\Debug\link.6320-cvtres.read.1.tlog
C:\Users\Rishabh\Documents\Visual Studio 2012\Projects\be_project\be_project\x64\Debug\link.6320-cvtres.write.1.tlog
C:\Users\Rishabh\Documents\Visual Studio 2012\Projects\be_project\be_project\x64\Debug\link.6320-rc.read.1.tlog
C:\Users\Rishabh\Documents\Visual Studio 2012\Projects\be_project\be_project\x64\Debug\link.6320-rc.write.1.tlog
C:\Users\Rishabh\Documents\Visual Studio 2012\Projects\be_project\be_project\x64\Debug\link.6320.read.1.tlog
C:\Users\Rishabh\Documents\Visual Studio 2012\Projects\be_project\be_project\x64\Debug\link.6320.write.1.tlog
C:\Users\Rishabh\Documents\Visual Studio 2012\Projects\be_project\be_project\x64\Debug\link.6456-cvtres.read.1.tlog
C:\Users\Rishabh\Documents\Visual Studio 2012\Projects\be_project\be_project\x64\Debug\link.6456-cvtres.write.1.tlog
C:\Users\Rishabh\Documents\Visual Studio 2012\Projects\be_project\be_project\x64\Debug\link.6456-rc.read.1.tlog
C:\Users\Rishabh\Documents\Visual Studio 2012\Projects\be_project\be_project\x64\Debug\link.6456-rc.write.1.tlog
C:\Users\Rishabh\Documents\Visual Studio 2012\Projects\be_project\be_project\x64\Debug\link.6456.read.1.tlog
C:\Users\Rishabh\Documents\Visual Studio 2012\Projects\be_project\be_project\x64\Debug\link.6456.write.1.tlog
C:\Users\Rishabh\Documents\Visual Studio 2012\Projects\be_project\be_project\x64\Debug\link.6488-cvtres.read.1.tlog
C:\Users\Rishabh\Documents\Visual Studio 2012\Projects\be_project\be_project\x64\Debug\link.6488-cvtres.write.1.tlog
C:\Users\Rishabh\Documents\Visual Studio 2012\Projects\be_project\be_project\x64\Debug\link.6488-rc.read.1.tlog
C:\Users\Rishabh\Documents\Visual Studio 2012\Projects\be_project\be_project\x64\Debug\link.6488-rc.write.1.tlog
C:\Users\Rishabh\Documents\Visual Studio 2012\Projects\be_project\be_project\x64\Debug\link.6488.read.1.tlog
C:\Users\Rishabh\Documents\Visual Studio 2012\Projects\be_project\be_project\x64\Debug\link.6488.write.1.tlog
C:\Users\Rishabh\Documents\Visual Studio 2012\Projects\be_project\be_project\x64\Debug\link.6616-cvtres.read.1.tlog
C:\Users\Rishabh\Documents\Visual Studio 2012\Projects\be_project\be_project\x64\Debug\link.6616-cvtres.write.1.tlog
C:\Users\Rishabh\Documents\Visual Studio 2012\Projects\be_project\be_project\x64\Debug\link.6616-rc.read.1.tlog
C:\Users\Rishabh\Documents\Visual Studio 2012\Projects\be_project\be_project\x64\Debug\link.6616-rc.write.1.tlog
C:\Users\Rishabh\Documents\Visual Studio 2012\Projects\be_project\be_project\x64\Debug\link.6616.read.1.tlog
C:\Users\Rishabh\Documents\Visual Studio 2012\Projects\be_project\be_project\x64\Debug\link.6616.write.1.tlog
C:\Users\Rishabh\Documents\Visual Studio 2012\Projects\be_project\be_project\x64\Debug\link.6660-cvtres.read.1.tlog
C:\Users\Rishabh\Documents\Visual Studio 2012\Projects\be_project\be_project\x64\Debug\link.6660-cvtres.write.1.tlog
C:\Users\Rishabh\Documents\Visual Studio 2012\Projects\be_project\be_project\x64\Debug\link.6660-rc.read.1.tlog
C:\Users\Rishabh\Documents\Visual Studio 2012\Projects\be_project\be_project\x64\Debug\link.6660-rc.write.1.tlog
C:\Users\Rishabh\Documents\Visual Studio 2012\Projects\be_project\be_project\x64\Debug\link.6660.read.1.tlog
C:\Users\Rishabh\Documents\Visual Studio 2012\Projects\be_project\be_project\x64\Debug\link.6660.write.1.tlog
C:\Users\Rishabh\Documents\Visual Studio 2012\Projects\be_project\be_project\x64\Debug\link.6692-cvtres.read.1.tlog
C:\Users\Rishabh\Documents\Visual Studio 2012\Projects\be_project\be_project\x64\Debug\link.6692-cvtres.write.1.tlog
C:\Users\Rishabh\Documents\Visual Studio 2012\Projects\be_project\be_project\x64\Debug\link.6692-rc.read.1.tlog
C:\Users\Rishabh\Documents\Visual Studio 2012\Projects\be_project\be_project\x64\Debug\link.6692-rc.write.1.tlog
C:\Users\Rishabh\Documents\Visual Studio 2012\Projects\be_project\be_project\x64\Debug\link.6692.read.1.tlog
C:\Users\Rishabh\Documents\Visual Studio 2012\Projects\be_project\be_project\x64\Debug\link.6692.write.1.tlog
C:\Users\Rishabh\Documents\Visual Studio 2012\Projects\be_project\be_project\x64\Debug\link.6760-cvtres.read.1.tlog
C:\Users\Rishabh\Documents\Visual Studio 2012\Projects\be_project\be_project\x64\Debug\link.6760-cvtres.write.1.tlog
C:\Users\Rishabh\Documents\Visual Studio 2012\Projects\be_project\be_project\x64\Debug\link.6760-rc.read.1.tlog
C:\Users\Rishabh\Documents\Visual Studio 2012\Projects\be_project\be_project\x64\Debug\link.6760-rc.write.1.tlog
C:\Users\Rishabh\Documents\Visual Studio 2012\Projects\be_project\be_project\x64\Debug\link.6760.read.1.tlog
C:\Users\Rishabh\Documents\Visual Studio 2012\Projects\be_project\be_project\x64\Debug\link.6760.write.1.tlog
C:\Users\Rishabh\Documents\Visual Studio 2012\Projects\be_project\be_project\x64\Debug\link.6788-cvtres.read.1.tlog
C:\Users\Rishabh\Documents\Visual Studio 2012\Projects\be_project\be_project\x64\Debug\link.6788-cvtres.write.1.tlog
C:\Users\Rishabh\Documents\Visual Studio 2012\Projects\be_project\be_project\x64\Debug\link.6788-rc.read.1.tlog
C:\Users\Rishabh\Documents\Visual Studio 2012\Projects\be_project\be_project\x64\Debug\link.6788-rc.write.1.tlog
C:\Users\Rishabh\Documents\Visual Studio 2012\Projects\be_project\be_project\x64\Debug\link.6788.read.1.tlog
C:\Users\Rishabh\Documents\Visual Studio 2012\Projects\be_project\be_project\x64\Debug\link.6788.write.1.tlog
C:\Users\Rishabh\Documents\Visual Studio 2012\Projects\be_project\be_project\x64\Debug\link.6828-cvtres.read.1.tlog
C:\Users\Rishabh\Documents\Visual Studio 2012\Projects\be_project\be_project\x64\Debug\link.6828-cvtres.write.1.tlog
C:\Users\Rishabh\Documents\Visual Studio 2012\Projects\be_project\be_project\x64\Debug\link.6828-rc.read.1.tlog
C:\Users\Rishabh\Documents\Visual Studio 2012\Projects\be_project\be_project\x64\Debug\link.6828-rc.write.1.tlog
C:\Users\Rishabh\Documents\Visual Studio 2012\Projects\be_project\be_project\x64\Debug\link.6828.read.1.tlog
C:\Users\Rishabh\Documents\Visual Studio 2012\Projects\be_project\be_project\x64\Debug\link.6828.write.1.tlog
C:\Users\Rishabh\Documents\Visual Studio 2012\Projects\be_project\be_project\x64\Debug\link.692-cvtres.read.1.tlog
C:\Users\Rishabh\Documents\Visual Studio 2012\Projects\be_project\be_project\x64\Debug\link.692-cvtres.write.1.tlog
C:\Users\Rishabh\Documents\Visual Studio 2012\Projects\be_project\be_project\x64\Debug\link.692-rc.read.1.tlog
C:\Users\Rishabh\Documents\Visual Studio 2012\Projects\be_project\be_project\x64\Debug\link.692-rc.write.1.tlog
C:\Users\Rishabh\Documents\Visual Studio 2012\Projects\be_project\be_project\x64\Debug\link.692.read.1.tlog
C:\Users\Rishabh\Documents\Visual Studio 2012\Projects\be_project\be_project\x64\Debug\link.692.write.1.tlog
C:\Users\Rishabh\Documents\Visual Studio 2012\Projects\be_project\be_project\x64\Debug\link.7020-cvtres.read.1.tlog
C:\Users\Rishabh\Documents\Visual Studio 2012\Projects\be_project\be_project\x64\Debug\link.7020-cvtres.write.1.tlog
C:\Users\Rishabh\Documents\Visual Studio 2012\Projects\be_project\be_project\x64\Debug\link.7020-rc.read.1.tlog
C:\Users\Rishabh\Documents\Visual Studio 2012\Projects\be_project\be_project\x64\Debug\link.7020-rc.write.1.tlog
C:\Users\Rishabh\Documents\Visual Studio 2012\Projects\be_project\be_project\x64\Debug\link.7020.read.1.tlog
C:\Users\Rishabh\Documents\Visual Studio 2012\Projects\be_project\be_project\x64\Debug\link.7020.write.1.tlog
C:\Users\Rishabh\Documents\Visual Studio 2012\Projects\be_project\be_project\x64\Debug\link.7132-cvtres.read.1.tlog
C:\Users\Rishabh\Documents\Visual Studio 2012\Projects\be_project\be_project\x64\Debug\link.7132-cvtres.write.1.tlog
C:\Users\Rishabh\Documents\Visual Studio 2012\Projects\be_project\be_project\x64\Debug\link.7132-rc.read.1.tlog
C:\Users\Rishabh\Documents\Visual Studio 2012\Projects\be_project\be_project\x64\Debug\link.7132-rc.write.1.tlog
C:\Users\Rishabh\Documents\Visual Studio 2012\Projects\be_project\be_project\x64\Debug\link.7132.read.1.tlog
C:\Users\Rishabh\Documents\Visual Studio 2012\Projects\be_project\be_project\x64\Debug\link.7132.write.1.tlog
C:\Users\Rishabh\Documents\Visual Studio 2012\Projects\be_project\be_project\x64\Debug\link.7296-cvtres.read.1.tlog
C:\Users\Rishabh\Documents\Visual Studio 2012\Projects\be_project\be_project\x64\Debug\link.7296-cvtres.write.1.tlog
C:\Users\Rishabh\Documents\Visual Studio 2012\Projects\be_project\be_project\x64\Debug\link.7296-rc.read.1.tlog
C:\Users\Rishabh\Documents\Visual Studio 2012\Projects\be_project\be_project\x64\Debug\link.7296-rc.write.1.tlog
C:\Users\Rishabh\Documents\Visual Studio 2012\Projects\be_project\be_project\x64\Debug\link.7296.read.1.tlog
C:\Users\Rishabh\Documents\Visual Studio 2012\Projects\be_project\be_project\x64\Debug\link.7296.write.1.tlog
C:\Users\Rishabh\Documents\Visual Studio 2012\Projects\be_project\be_project\x64\Debug\link.7408-cvtres.read.1.tlog
C:\Users\Rishabh\Documents\Visual Studio 2012\Projects\be_project\be_project\x64\Debug\link.7408-cvtres.write.1.tlog
C:\Users\Rishabh\Documents\Visual Studio 2012\Projects\be_project\be_project\x64\Debug\link.7408-rc.read.1.tlog
C:\Users\Rishabh\Documents\Visual Studio 2012\Projects\be_project\be_project\x64\Debug\link.7408-rc.write.1.tlog
C:\Users\Rishabh\Documents\Visual Studio 2012\Projects\be_project\be_project\x64\Debug\link.7408.read.1.tlog
C:\Users\Rishabh\Documents\Visual Studio 2012\Projects\be_project\be_project\x64\Debug\link.7408.write.1.tlog
C:\Users\Rishabh\Documents\Visual Studio 2012\Projects\be_project\be_project\x64\Debug\link.7444-cvtres.read.1.tlog
C:\Users\Rishabh\Documents\Visual Studio 2012\Projects\be_project\be_project\x64\Debug\link.7444-cvtres.write.1.tlog
C:\Users\Rishabh\Documents\Visual Studio 2012\Projects\be_project\be_project\x64\Debug\link.7444-rc.read.1.tlog
C:\Users\Rishabh\Documents\Visual Studio 2012\Projects\be_project\be_project\x64\Debug\link.7444-rc.write.1.tlog
C:\Users\Rishabh\Documents\Visual Studio 2012\Projects\be_project\be_project\x64\Debug\link.7444.read.1.tlog
C:\Users\Rishabh\Documents\Visual Studio 2012\Projects\be_project\be_project\x64\Debug\link.7444.write.1.tlog
C:\Users\Rishabh\Documents\Visual Studio 2012\Projects\be_project\be_project\x64\Debug\link.7448-cvtres.read.1.tlog
C:\Users\Rishabh\Documents\Visual Studio 2012\Projects\be_project\be_project\x64\Debug\link.7448-cvtres.write.1.tlog
C:\Users\Rishabh\Documents\Visual Studio 2012\Projects\be_project\be_project\x64\Debug\link.7448-rc.read.1.tlog
C:\Users\Rishabh\Documents\Visual Studio 2012\Projects\be_project\be_project\x64\Debug\link.7448-rc.write.1.tlog
C:\Users\Rishabh\Documents\Visual Studio 2012\Projects\be_project\be_project\x64\Debug\link.7448.read.1.tlog
C:\Users\Rishabh\Documents\Visual Studio 2012\Projects\be_project\be_project\x64\Debug\link.7448.write.1.tlog
C:\Users\Rishabh\Documents\Visual Studio 2012\Projects\be_project\be_project\x64\Debug\link.7524-cvtres.read.1.tlog
C:\Users\Rishabh\Documents\Visual Studio 2012\Projects\be_project\be_project\x64\Debug\link.7524-cvtres.write.1.tlog
C:\Users\Rishabh\Documents\Visual Studio 2012\Projects\be_project\be_project\x64\Debug\link.7524-rc.read.1.tlog
C:\Users\Rishabh\Documents\Visual Studio 2012\Projects\be_project\be_project\x64\Debug\link.7524-rc.write.1.tlog
C:\Users\Rishabh\Documents\Visual Studio 2012\Projects\be_project\be_project\x64\Debug\link.7524.read.1.tlog
C:\Users\Rishabh\Documents\Visual Studio 2012\Projects\be_project\be_project\x64\Debug\link.7524.write.1.tlog
C:\Users\Rishabh\Documents\Visual Studio 2012\Projects\be_project\be_project\x64\Debug\link.7540-cvtres.read.1.tlog
C:\Users\Rishabh\Documents\Visual Studio 2012\Projects\be_project\be_project\x64\Debug\link.7540-cvtres.write.1.tlog
C:\Users\Rishabh\Documents\Visual Studio 2012\Projects\be_project\be_project\x64\Debug\link.7540-rc.read.1.tlog
C:\Users\Rishabh\Documents\Visual Studio 2012\Projects\be_project\be_project\x64\Debug\link.7540-rc.write.1.tlog
C:\Users\Rishabh\Documents\Visual Studio 2012\Projects\be_project\be_project\x64\Debug\link.7540.read.1.tlog
C:\Users\Rishabh\Documents\Visual Studio 2012\Projects\be_project\be_project\x64\Debug\link.7540.write.1.tlog
C:\Users\Rishabh\Documents\Visual Studio 2012\Projects\be_project\be_project\x64\Debug\link.7592-cvtres.read.1.tlog
C:\Users\Rishabh\Documents\Visual Studio 2012\Projects\be_project\be_project\x64\Debug\link.7592-cvtres.write.1.tlog
C:\Users\Rishabh\Documents\Visual Studio 2012\Projects\be_project\be_project\x64\Debug\link.7592-rc.read.1.tlog
C:\Users\Rishabh\Documents\Visual Studio 2012\Projects\be_project\be_project\x64\Debug\link.7592-rc.write.1.tlog
C:\Users\Rishabh\Documents\Visual Studio 2012\Projects\be_project\be_project\x64\Debug\link.7592.read.1.tlog
C:\Users\Rishabh\Documents\Visual Studio 2012\Projects\be_project\be_project\x64\Debug\link.7592.write.1.tlog
C:\Users\Rishabh\Documents\Visual Studio 2012\Projects\be_project\be_project\x64\Debug\link.7596-cvtres.read.1.tlog
C:\Users\Rishabh\Documents\Visual Studio 2012\Projects\be_project\be_project\x64\Debug\link.7596-cvtres.write.1.tlog
C:\Users\Rishabh\Documents\Visual Studio 2012\Projects\be_project\be_project\x64\Debug\link.7596-rc.read.1.tlog
C:\Users\Rishabh\Documents\Visual Studio 2012\Projects\be_project\be_project\x64\Debug\link.7596-rc.write.1.tlog
C:\Users\Rishabh\Documents\Visual Studio 2012\Projects\be_project\be_project\x64\Debug\link.7596.read.1.tlog
C:\Users\Rishabh\Documents\Visual Studio 2012\Projects\be_project\be_project\x64\Debug\link.7596.write.1.tlog
C:\Users\Rishabh\Documents\Visual Studio 2012\Projects\be_project\be_project\x64\Debug\link.7784-cvtres.read.1.tlog
C:\Users\Rishabh\Documents\Visual Studio 2012\Projects\be_project\be_project\x64\Debug\link.7784-cvtres.write.1.tlog
C:\Users\Rishabh\Documents\Visual Studio 2012\Projects\be_project\be_project\x64\Debug\link.7784-rc.read.1.tlog
C:\Users\Rishabh\Documents\Visual Studio 2012\Projects\be_project\be_project\x64\Debug\link.7784-rc.write.1.tlog
C:\Users\Rishabh\Documents\Visual Studio 2012\Projects\be_project\be_project\x64\Debug\link.7784.read.1.tlog
C:\Users\Rishabh\Documents\Visual Studio 2012\Projects\be_project\be_project\x64\Debug\link.7784.write.1.tlog
C:\Users\Rishabh\Documents\Visual Studio 2012\Projects\be_project\be_project\x64\Debug\link.7804-cvtres.read.1.tlog
C:\Users\Rishabh\Documents\Visual Studio 2012\Projects\be_project\be_project\x64\Debug\link.7804-cvtres.write.1.tlog
C:\Users\Rishabh\Documents\Visual Studio 2012\Projects\be_project\be_project\x64\Debug\link.7804-rc.read.1.tlog
C:\Users\Rishabh\Documents\Visual Studio 2012\Projects\be_project\be_project\x64\Debug\link.7804-rc.write.1.tlog
C:\Users\Rishabh\Documents\Visual Studio 2012\Projects\be_project\be_project\x64\Debug\link.7804.read.1.tlog
C:\Users\Rishabh\Documents\Visual Studio 2012\Projects\be_project\be_project\x64\Debug\link.7804.write.1.tlog
C:\Users\Rishabh\Documents\Visual Studio 2012\Projects\be_project\be_project\x64\Debug\link.7992-cvtres.read.1.tlog
C:\Users\Rishabh\Documents\Visual Studio 2012\Projects\be_project\be_project\x64\Debug\link.7992-cvtres.write.1.tlog
C:\Users\Rishabh\Documents\Visual Studio 2012\Projects\be_project\be_project\x64\Debug\link.7992-rc.read.1.tlog
C:\Users\Rishabh\Documents\Visual Studio 2012\Projects\be_project\be_project\x64\Debug\link.7992-rc.write.1.tlog
C:\Users\Rishabh\Documents\Visual Studio 2012\Projects\be_project\be_project\x64\Debug\link.7992.read.1.tlog
C:\Users\Rishabh\Documents\Visual Studio 2012\Projects\be_project\be_project\x64\Debug\link.7992.write.1.tlog
C:\Users\Rishabh\Documents\Visual Studio 2012\Projects\be_project\be_project\x64\Debug\link.8016-cvtres.read.1.tlog
C:\Users\Rishabh\Documents\Visual Studio 2012\Projects\be_project\be_project\x64\Debug\link.8016-cvtres.write.1.tlog
C:\Users\Rishabh\Documents\Visual Studio 2012\Projects\be_project\be_project\x64\Debug\link.8016-rc.read.1.tlog
C:\Users\Rishabh\Documents\Visual Studio 2012\Projects\be_project\be_project\x64\Debug\link.8016-rc.write.1.tlog
C:\Users\Rishabh\Documents\Visual Studio 2012\Projects\be_project\be_project\x64\Debug\link.8016.read.1.tlog
C:\Users\Rishabh\Documents\Visual Studio 2012\Projects\be_project\be_project\x64\Debug\link.8016.write.1.tlog
C:\Users\Rishabh\Documents\Visual Studio 2012\Projects\be_project\be_project\x64\Debug\link.8104-cvtres.read.1.tlog
C:\Users\Rishabh\Documents\Visual Studio 2012\Projects\be_project\be_project\x64\Debug\link.8104-cvtres.write.1.tlog
C:\Users\Rishabh\Documents\Visual Studio 2012\Projects\be_project\be_project\x64\Debug\link.8104-rc.read.1.tlog
C:\Users\Rishabh\Documents\Visual Studio 2012\Projects\be_project\be_project\x64\Debug\link.8104-rc.write.1.tlog
C:\Users\Rishabh\Documents\Visual Studio 2012\Projects\be_project\be_project\x64\Debug\link.8104.read.1.tlog
C:\Users\Rishabh\Documents\Visual Studio 2012\Projects\be_project\be_project\x64\Debug\link.8104.write.1.tlog
C:\Users\Rishabh\Documents\Visual Studio 2012\Projects\be_project\be_project\x64\Debug\link.8180-cvtres.read.1.tlog
C:\Users\Rishabh\Documents\Visual Studio 2012\Projects\be_project\be_project\x64\Debug\link.8180-cvtres.write.1.tlog
C:\Users\Rishabh\Documents\Visual Studio 2012\Projects\be_project\be_project\x64\Debug\link.8180-rc.read.1.tlog
C:\Users\Rishabh\Documents\Visual Studio 2012\Projects\be_project\be_project\x64\Debug\link.8180-rc.write.1.tlog
C:\Users\Rishabh\Documents\Visual Studio 2012\Projects\be_project\be_project\x64\Debug\link.8180.read.1.tlog
C:\Users\Rishabh\Documents\Visual Studio 2012\Projects\be_project\be_project\x64\Debug\link.8180.write.1.tlog
C:\Users\Rishabh\Documents\Visual Studio 2012\Projects\be_project\be_project\x64\Debug\link.8300-cvtres.read.1.tlog
C:\Users\Rishabh\Documents\Visual Studio 2012\Projects\be_project\be_project\x64\Debug\link.8300-cvtres.write.1.tlog
C:\Users\Rishabh\Documents\Visual Studio 2012\Projects\be_project\be_project\x64\Debug\link.8300-rc.read.1.tlog
C:\Users\Rishabh\Documents\Visual Studio 2012\Projects\be_project\be_project\x64\Debug\link.8300-rc.write.1.tlog
C:\Users\Rishabh\Documents\Visual Studio 2012\Projects\be_project\be_project\x64\Debug\link.8300.read.1.tlog
C:\Users\Rishabh\Documents\Visual Studio 2012\Projects\be_project\be_project\x64\Debug\link.8300.write.1.tlog
C:\Users\Rishabh\Documents\Visual Studio 2012\Projects\be_project\be_project\x64\Debug\link.8360-cvtres.read.1.tlog
C:\Users\Rishabh\Documents\Visual Studio 2012\Projects\be_project\be_project\x64\Debug\link.8360-cvtres.write.1.tlog
C:\Users\Rishabh\Documents\Visual Studio 2012\Projects\be_project\be_project\x64\Debug\link.8360-rc.read.1.tlog
C:\Users\Rishabh\Documents\Visual Studio 2012\Projects\be_project\be_project\x64\Debug\link.8360-rc.write.1.tlog
C:\Users\Rishabh\Documents\Visual Studio 2012\Projects\be_project\be_project\x64\Debug\link.8360.read.1.tlog
C:\Users\Rishabh\Documents\Visual Studio 2012\Projects\be_project\be_project\x64\Debug\link.8360.write.1.tlog
C:\Users\Rishabh\Documents\Visual Studio 2012\Projects\be_project\be_project\x64\Debug\link.8364-cvtres.read.1.tlog
C:\Users\Rishabh\Documents\Visual Studio 2012\Projects\be_project\be_project\x64\Debug\link.8364-cvtres.write.1.tlog
C:\Users\Rishabh\Documents\Visual Studio 2012\Projects\be_project\be_project\x64\Debug\link.8364-rc.read.1.tlog
C:\Users\Rishabh\Documents\Visual Studio 2012\Projects\be_project\be_project\x64\Debug\link.8364-rc.write.1.tlog
C:\Users\Rishabh\Documents\Visual Studio 2012\Projects\be_project\be_project\x64\Debug\link.8364.read.1.tlog
C:\Users\Rishabh\Documents\Visual Studio 2012\Projects\be_project\be_project\x64\Debug\link.8364.write.1.tlog
C:\Users\Rishabh\Documents\Visual Studio 2012\Projects\be_project\be_project\x64\Debug\link.8480-cvtres.read.1.tlog
C:\Users\Rishabh\Documents\Visual Studio 2012\Projects\be_project\be_project\x64\Debug\link.8480-cvtres.write.1.tlog
C:\Users\Rishabh\Documents\Visual Studio 2012\Projects\be_project\be_project\x64\Debug\link.8480-rc.read.1.tlog
C:\Users\Rishabh\Documents\Visual Studio 2012\Projects\be_project\be_project\x64\Debug\link.8480-rc.write.1.tlog
C:\Users\Rishabh\Documents\Visual Studio 2012\Projects\be_project\be_project\x64\Debug\link.8480.read.1.tlog
C:\Users\Rishabh\Documents\Visual Studio 2012\Projects\be_project\be_project\x64\Debug\link.8480.write.1.tlog
C:\Users\Rishabh\Documents\Visual Studio 2012\Projects\be_project\be_project\x64\Debug\link.868-cvtres.read.1.tlog
C:\Users\Rishabh\Documents\Visual Studio 2012\Projects\be_project\be_project\x64\Debug\link.868-cvtres.write.1.tlog
C:\Users\Rishabh\Documents\Visual Studio 2012\Projects\be_project\be_project\x64\Debug\link.868-rc.read.1.tlog
C:\Users\Rishabh\Documents\Visual Studio 2012\Projects\be_project\be_project\x64\Debug\link.868-rc.write.1.tlog
C:\Users\Rishabh\Documents\Visual Studio 2012\Projects\be_project\be_project\x64\Debug\link.868.read.1.tlog
C:\Users\Rishabh\Documents\Visual Studio 2012\Projects\be_project\be_project\x64\Debug\link.868.write.1.tlog
C:\Users\Rishabh\Documents\Visual Studio 2012\Projects\be_project\be_project\x64\Debug\link.8712-cvtres.read.1.tlog
C:\Users\Rishabh\Documents\Visual Studio 2012\Projects\be_project\be_project\x64\Debug\link.8712-cvtres.write.1.tlog
C:\Users\Rishabh\Documents\Visual Studio 2012\Projects\be_project\be_project\x64\Debug\link.8712-rc.read.1.tlog
C:\Users\Rishabh\Documents\Visual Studio 2012\Projects\be_project\be_project\x64\Debug\link.8712-rc.write.1.tlog
C:\Users\Rishabh\Documents\Visual Studio 2012\Projects\be_project\be_project\x64\Debug\link.8712.read.1.tlog
C:\Users\Rishabh\Documents\Visual Studio 2012\Projects\be_project\be_project\x64\Debug\link.8712.write.1.tlog
C:\Users\Rishabh\Documents\Visual Studio 2012\Projects\be_project\be_project\x64\Debug\link.876-cvtres.read.1.tlog
C:\Users\Rishabh\Documents\Visual Studio 2012\Projects\be_project\be_project\x64\Debug\link.876-cvtres.write.1.tlog
C:\Users\Rishabh\Documents\Visual Studio 2012\Projects\be_project\be_project\x64\Debug\link.876-rc.read.1.tlog
C:\Users\Rishabh\Documents\Visual Studio 2012\Projects\be_project\be_project\x64\Debug\link.876-rc.write.1.tlog
C:\Users\Rishabh\Documents\Visual Studio 2012\Projects\be_project\be_project\x64\Debug\link.876.read.1.tlog
C:\Users\Rishabh\Documents\Visual Studio 2012\Projects\be_project\be_project\x64\Debug\link.876.write.1.tlog
C:\Users\Rishabh\Documents\Visual Studio 2012\Projects\be_project\be_project\x64\Debug\link.8804-cvtres.read.1.tlog
C:\Users\Rishabh\Documents\Visual Studio 2012\Projects\be_project\be_project\x64\Debug\link.8804-cvtres.write.1.tlog
C:\Users\Rishabh\Documents\Visual Studio 2012\Projects\be_project\be_project\x64\Debug\link.8804-rc.read.1.tlog
C:\Users\Rishabh\Documents\Visual Studio 2012\Projects\be_project\be_project\x64\Debug\link.8804-rc.write.1.tlog
C:\Users\Rishabh\Documents\Visual Studio 2012\Projects\be_project\be_project\x64\Debug\link.8804.read.1.tlog
C:\Users\Rishabh\Documents\Visual Studio 2012\Projects\be_project\be_project\x64\Debug\link.8804.write.1.tlog
C:\Users\Rishabh\Documents\Visual Studio 2012\Projects\be_project\be_project\x64\Debug\link.8808-cvtres.read.1.tlog
C:\Users\Rishabh\Documents\Visual Studio 2012\Projects\be_project\be_project\x64\Debug\link.8808-cvtres.write.1.tlog
C:\Users\Rishabh\Documents\Visual Studio 2012\Projects\be_project\be_project\x64\Debug\link.8808-rc.read.1.tlog
C:\Users\Rishabh\Documents\Visual Studio 2012\Projects\be_project\be_project\x64\Debug\link.8808-rc.write.1.tlog
C:\Users\Rishabh\Documents\Visual Studio 2012\Projects\be_project\be_project\x64\Debug\link.8808.read.1.tlog
C:\Users\Rishabh\Documents\Visual Studio 2012\Projects\be_project\be_project\x64\Debug\link.8808.write.1.tlog
C:\Users\Rishabh\Documents\Visual Studio 2012\Projects\be_project\be_project\x64\Debug\link.8864-cvtres.read.1.tlog
C:\Users\Rishabh\Documents\Visual Studio 2012\Projects\be_project\be_project\x64\Debug\link.8864-cvtres.write.1.tlog
C:\Users\Rishabh\Documents\Visual Studio 2012\Projects\be_project\be_project\x64\Debug\link.8864-rc.read.1.tlog
C:\Users\Rishabh\Documents\Visual Studio 2012\Projects\be_project\be_project\x64\Debug\link.8864-rc.write.1.tlog
C:\Users\Rishabh\Documents\Visual Studio 2012\Projects\be_project\be_project\x64\Debug\link.8864.read.1.tlog
C:\Users\Rishabh\Documents\Visual Studio 2012\Projects\be_project\be_project\x64\Debug\link.8864.write.1.tlog
C:\Users\Rishabh\Documents\Visual Studio 2012\Projects\be_project\be_project\x64\Debug\link.8904-cvtres.read.1.tlog
C:\Users\Rishabh\Documents\Visual Studio 2012\Projects\be_project\be_project\x64\Debug\link.8904-cvtres.write.1.tlog
C:\Users\Rishabh\Documents\Visual Studio 2012\Projects\be_project\be_project\x64\Debug\link.8904-rc.read.1.tlog
C:\Users\Rishabh\Documents\Visual Studio 2012\Projects\be_project\be_project\x64\Debug\link.8904-rc.write.1.tlog
C:\Users\Rishabh\Documents\Visual Studio 2012\Projects\be_project\be_project\x64\Debug\link.8904.read.1.tlog
C:\Users\Rishabh\Documents\Visual Studio 2012\Projects\be_project\be_project\x64\Debug\link.8904.write.1.tlog
C:\Users\Rishabh\Documents\Visual Studio 2012\Projects\be_project\be_project\x64\Debug\link.9060-cvtres.read.1.tlog
C:\Users\Rishabh\Documents\Visual Studio 2012\Projects\be_project\be_project\x64\Debug\link.9060-cvtres.write.1.tlog
C:\Users\Rishabh\Documents\Visual Studio 2012\Projects\be_project\be_project\x64\Debug\link.9060-rc.read.1.tlog
C:\Users\Rishabh\Documents\Visual Studio 2012\Projects\be_project\be_project\x64\Debug\link.9060-rc.write.1.tlog
C:\Users\Rishabh\Documents\Visual Studio 2012\Projects\be_project\be_project\x64\Debug\link.9060.read.1.tlog
C:\Users\Rishabh\Documents\Visual Studio 2012\Projects\be_project\be_project\x64\Debug\link.9060.write.1.tlog
C:\Users\Rishabh\Documents\Visual Studio 2012\Projects\be_project\be_project\x64\Debug\link.9084-cvtres.read.1.tlog
C:\Users\Rishabh\Documents\Visual Studio 2012\Projects\be_project\be_project\x64\Debug\link.9084-cvtres.write.1.tlog
C:\Users\Rishabh\Documents\Visual Studio 2012\Projects\be_project\be_project\x64\Debug\link.9084-rc.read.1.tlog
C:\Users\Rishabh\Documents\Visual Studio 2012\Projects\be_project\be_project\x64\Debug\link.9084-rc.write.1.tlog
C:\Users\Rishabh\Documents\Visual Studio 2012\Projects\be_project\be_project\x64\Debug\link.9084.read.1.tlog
C:\Users\Rishabh\Documents\Visual Studio 2012\Projects\be_project\be_project\x64\Debug\link.9084.write.1.tlog
C:\Users\Rishabh\Documents\Visual Studio 2012\Projects\be_project\be_project\x64\Debug\link.9112-cvtres.read.1.tlog
C:\Users\Rishabh\Documents\Visual Studio 2012\Projects\be_project\be_project\x64\Debug\link.9112-cvtres.write.1.tlog
C:\Users\Rishabh\Documents\Visual Studio 2012\Projects\be_project\be_project\x64\Debug\link.9112-rc.read.1.tlog
C:\Users\Rishabh\Documents\Visual Studio 2012\Projects\be_project\be_project\x64\Debug\link.9112-rc.write.1.tlog
C:\Users\Rishabh\Documents\Visual Studio 2012\Projects\be_project\be_project\x64\Debug\link.9112.read.1.tlog
C:\Users\Rishabh\Documents\Visual Studio 2012\Projects\be_project\be_project\x64\Debug\link.9112.write.1.tlog
C:\Users\Rishabh\Documents\Visual Studio 2012\Projects\be_project\be_project\x64\Debug\link.9120-cvtres.read.1.tlog
C:\Users\Rishabh\Documents\Visual Studio 2012\Projects\be_project\be_project\x64\Debug\link.9120-cvtres.write.1.tlog
C:\Users\Rishabh\Documents\Visual Studio 2012\Projects\be_project\be_project\x64\Debug\link.9120-rc.read.1.tlog
C:\Users\Rishabh\Documents\Visual Studio 2012\Projects\be_project\be_project\x64\Debug\link.9120-rc.write.1.tlog
C:\Users\Rishabh\Documents\Visual Studio 2012\Projects\be_project\be_project\x64\Debug\link.9120.read.1.tlog
C:\Users\Rishabh\Documents\Visual Studio 2012\Projects\be_project\be_project\x64\Debug\link.9120.write.1.tlog
C:\Users\Rishabh\Documents\Visual Studio 2012\Projects\be_project\be_project\x64\Debug\link.9516-cvtres.read.1.tlog
C:\Users\Rishabh\Documents\Visual Studio 2012\Projects\be_project\be_project\x64\Debug\link.9516-cvtres.write.1.tlog
C:\Users\Rishabh\Documents\Visual Studio 2012\Projects\be_project\be_project\x64\Debug\link.9516-rc.read.1.tlog
C:\Users\Rishabh\Documents\Visual Studio 2012\Projects\be_project\be_project\x64\Debug\link.9516-rc.write.1.tlog
C:\Users\Rishabh\Documents\Visual Studio 2012\Projects\be_project\be_project\x64\Debug\link.9516.read.1.tlog
C:\Users\Rishabh\Documents\Visual Studio 2012\Projects\be_project\be_project\x64\Debug\link.9516.write.1.tlog
C:\Users\Rishabh\Documents\Visual Studio 2012\Projects\be_project\be_project\x64\Debug\link.9812-cvtres.read.1.tlog
C:\Users\Rishabh\Documents\Visual Studio 2012\Projects\be_project\be_project\x64\Debug\link.9812-cvtres.write.1.tlog
C:\Users\Rishabh\Documents\Visual Studio 2012\Projects\be_project\be_project\x64\Debug\link.9812-rc.read.1.tlog
C:\Users\Rishabh\Documents\Visual Studio 2012\Projects\be_project\be_project\x64\Debug\link.9812-rc.write.1.tlog
C:\Users\Rishabh\Documents\Visual Studio 2012\Projects\be_project\be_project\x64\Debug\link.9812.read.1.tlog
C:\Users\Rishabh\Documents\Visual Studio 2012\Projects\be_project\be_project\x64\Debug\link.9812.write.1.tlog
C:\Users\Rishabh\Documents\Visual Studio 2012\Projects\be_project\be_project\x64\Debug\link.9864-cvtres.read.1.tlog
C:\Users\Rishabh\Documents\Visual Studio 2012\Projects\be_project\be_project\x64\Debug\link.9864-cvtres.write.1.tlog
C:\Users\Rishabh\Documents\Visual Studio 2012\Projects\be_project\be_project\x64\Debug\link.9864-rc.read.1.tlog
C:\Users\Rishabh\Documents\Visual Studio 2012\Projects\be_project\be_project\x64\Debug\link.9864-rc.write.1.tlog
C:\Users\Rishabh\Documents\Visual Studio 2012\Projects\be_project\be_project\x64\Debug\link.9864.read.1.tlog
C:\Users\Rishabh\Documents\Visual Studio 2012\Projects\be_project\be_project\x64\Debug\link.9864.write.1.tlog
C:\Users\Rishabh\Documents\Visual Studio 2012\Projects\be_project\be_project\x64\Debug\link.9996-cvtres.read.1.tlog
C:\Users\Rishabh\Documents\Visual Studio 2012\Projects\be_project\be_project\x64\Debug\link.9996-cvtres.write.1.tlog
C:\Users\Rishabh\Documents\Visual Studio 2012\Projects\be_project\be_project\x64\Debug\link.9996-rc.read.1.tlog
C:\Users\Rishabh\Documents\Visual Studio 2012\Projects\be_project\be_project\x64\Debug\link.9996-rc.write.1.tlog
C:\Users\Rishabh\Documents\Visual Studio 2012\Projects\be_project\be_project\x64\Debug\link.9996.read.1.tlog
C:\Users\Rishabh\Documents\Visual Studio 2012\Projects\be_project\be_project\x64\Debug\link.9996.write.1.tlog
C:\Users\Rishabh\Documents\Visual Studio 2012\Projects\be_project\be_project\x64\Debug\link.command.1.tlog
C:\Users\Rishabh\Documents\Visual Studio 2012\Projects\be_project\be_project\x64\Debug\link.read.1.tlog
C:\Users\Rishabh\Documents\Visual Studio 2012\Projects\be_project\be_project\x64\Debug\link.write.1.tlog
C:\Users\Rishabh\Documents\Visual Studio 2012\Projects\be_project\be_project\x64\Debug\vc110.idb
C:\Users\Rishabh\Documents\Visual Studio 2012\Projects\be_project\be_project\x64\Debug\vc110.pdb
C:\Users\Rishabh\Documents\Visual Studio 2012\Projects\be_project\x64\Debug\be_project.pdb
